----------------------------------------------------------------------------------------------------
=> Log opened from cPanel Update (upcp) - Slave (73037) at Mon Oct 21 12:31:05 2024
[2024-10-21 12:31:05 +0200]   Detected cron=0 (manual flag passed on command line)
[2024-10-21 12:31:05 +0200]   1% complete
[2024-10-21 12:31:05 +0200]   Running Standardized hooks
[2024-10-21 12:31:05 +0200]   2% complete
[2024-10-21 12:31:05 +0200]   mtime on upcp is 1728930269 (Mon Oct 14 20:24:29 2024)
----------------------------------------------------------------------------------------------------
=> Log opened from /usr/local/cpanel/scripts/updatenow (73041) at Mon Oct 21 12:31:06 2024
[2024-10-21 12:31:06 +0200]   Running version '11.122.0.21' of updatenow.
[2024-10-21 12:31:06 +0200]   Detected version '11.122.0.21' from version file.
[2024-10-21 12:31:06 +0200]   Target version set to '11.122.0.21'
[2024-10-21 12:31:06 +0200]   Checking license
[2024-10-21 12:31:06 +0200]   Installation in progress. Skipping license check.
[2024-10-21 12:31:06 +0200]   Ensuring required distro packages are installed.
[2024-10-21 12:31:06 +0200]   Staging 11.122.0.21 cpanelsync files prior to updating /usr/local/cpanel
[2024-10-21 12:31:06 +0200]   Staging cpanel changes
[2024-10-21 12:31:06 +0200]   Loading digest cache from /usr/local/cpanel/.cpanelsync.digest
[2024-10-21 12:31:06 +0200]   Retrieving and staging /cpanelsync/11.122.0.21/cpanel/.cpanelsync.bz2
[2024-10-21 12:31:06 +0200]   Using mirror '185.157.208.252' for host 'httpupdate.cpanel.net'.
[2024-10-21 12:31:06 +0200]   All Needed Packages are already installed.
=> Log closed Mon Oct 21 12:31:06 2024
[2024-10-21 12:31:07 +0200]   Successfully verified signature for cpanel (key types: release).
[2024-10-21 12:31:07 +0200]   Maximum sync children set to 16 based on 4799M available memory.
[2024-10-21 12:31:07 +0200]   Staging new packages
[2024-10-21 12:31:07 +0200]   Merging custom cpanel.config entries provided by installer with cPanel defaults.
[2024-10-21 12:31:07 +0200]   No new Packages needed for install
[2024-10-21 12:31:07 +0200]   Staging cpanel binaries changes
[2024-10-21 12:31:07 +0200]   Loading digest cache from /usr/local/cpanel/.cpanelsync.digest
[2024-10-21 12:31:07 +0200]   Retrieving and staging /cpanelsync/11.122.0.21/binaries/linux-u22-x86_64/.cpanelsync.bz2
[2024-10-21 12:31:07 +0200]   Successfully verified signature for cpanel (key types: release).
[2024-10-21 12:31:07 +0200]   Maximum sync children set to 16 based on 4786M available memory.
[2024-10-21 12:31:07 +0200]   Staging files for binaries/linux-u22-x86_64
[2024-10-21 12:31:07 +0200]   Staging jupiter theme changes
[2024-10-21 12:31:07 +0200]   Loading digest cache from /usr/local/cpanel/base/frontend/jupiter/.cpanelsync.digest
[2024-10-21 12:31:07 +0200]   Retrieving and staging /cpanelsync/11.122.0.21/jupiter/.cpanelsync.bz2
[2024-10-21 12:31:07 +0200]   Successfully verified signature for cpanel (key types: release).
[2024-10-21 12:31:07 +0200]   All files Staged
[2024-10-21 12:31:07 +0200]   Testing if the newly downloaded packages can be installed without conflict
[2024-10-21 12:31:07 +0200]   Putting cpanelsync files into place.
[2024-10-21 12:31:07 +0200]       Committing cpanel.
[2024-10-21 12:31:07 +0200]   All directories created and updated
[2024-10-21 12:31:07 +0200]   Commiting all downloaded files for cpanel
[2024-10-21 12:31:07 +0200]   Checking permissions of all files we manage
[2024-10-21 12:31:08 +0200]       Committing cpanel binaries.
[2024-10-21 12:31:08 +0200]   All directories created and updated
[2024-10-21 12:31:08 +0200]   Commiting all downloaded files for binaries/linux-u22-x86_64
[2024-10-21 12:31:08 +0200]   Checking permissions of all files we manage
[2024-10-21 12:31:08 +0200]       Committing cPanel themes.
[2024-10-21 12:31:08 +0200]   All directories created and updated
[2024-10-21 12:31:08 +0200]   Commiting all downloaded files for jupiter
[2024-10-21 12:31:08 +0200]   Checking permissions of all files we manage
[2024-10-21 12:31:08 +0200]       Updating / Removing packages.
[2024-10-21 12:31:08 +0200]   Disabling service monitoring.
[2024-10-21 12:31:08 +0200]   Packages cannot be uninstalled during the base cPanel installation.
[2024-10-21 12:31:08 +0200]   Restoring service monitoring.
[2024-10-21 12:31:08 +0200]       Updating cpanel license for new binaries.
[2024-10-21 12:31:09 +0200] W Received unexpected exit code (256) from /usr/local/cpanel/cpkeyclt
[2024-10-21 12:31:09 +0200]       Restoring service monitoring.
[2024-10-21 12:31:09 +0200]   All files have been updated.
=> Log closed Mon Oct 21 12:31:09 2024
[2024-10-21 12:31:09 +0200]   17% complete
=> Log closed Mon Oct 21 12:31:09 2024
----------------------------------------------------------------------------------------------------
=> Log opened from /usr/local/cpanel/scripts/maintenance (73749) at Mon Oct 21 12:31:10 2024
[2024-10-21 12:31:10 +0200]   Processing: Assuring needed symlinks in 3rdparty/bin are in place.
[2024-10-21 12:31:10 +0200]   21% complete
[2024-10-21 12:31:10 +0200]    - Processing command `/usr/local/cpanel/scripts/link_3rdparty_binaries`
[2024-10-21 12:31:10 +0200]      [/usr/local/cpanel/scripts/link_3rdparty_binaries] Removing /usr/local/cpanel/3rdparty/bin/perlcc, which unexpectedly pointed to ../perl/536/bin/perlcc
[2024-10-21 12:31:10 +0200]      [/usr/local/cpanel/scripts/link_3rdparty_binaries] Linking /usr/local/cpanel/3rdparty/bin/perlcc -> /usr/local/cpanel/3rdparty/perl/536/bin/perlcc
[2024-10-21 12:31:10 +0200]      [/usr/local/cpanel/scripts/link_3rdparty_binaries] WARNING: Unexpectedly missing wp-toolkit
[2024-10-21 12:31:10 +0200]    - Finished command `/usr/local/cpanel/scripts/link_3rdparty_binaries` in 0.022 seconds
[2024-10-21 12:31:10 +0200]   22% complete
[2024-10-21 12:31:10 +0200]   Processing: Setting clock
[2024-10-21 12:31:10 +0200]   23% complete
[2024-10-21 12:31:10 +0200]    - Processing command `/usr/local/cpanel/scripts/rdate`
[2024-10-21 12:31:10 +0200]    - Finished command `/usr/local/cpanel/scripts/rdate` in -0.546 seconds
[2024-10-21 12:31:10 +0200]   25% complete
[2024-10-21 12:31:10 +0200]   26% complete
[2024-10-21 12:31:10 +0200]    - Finished in 0.001 seconds
[2024-10-21 12:31:10 +0200]   Processing: Setting up resolver workarounds
[2024-10-21 12:31:10 +0200]    - Finished in 0.998 seconds
[2024-10-21 12:31:10 +0200]   27% complete
[2024-10-21 12:31:10 +0200]    - Finished in 0.998 seconds
[2024-10-21 12:31:11 +0200]   28% complete
[2024-10-21 12:31:11 +0200]    - Finished in 0.005 seconds
[2024-10-21 12:31:11 +0200]   30% complete
[2024-10-21 12:31:11 +0200]    - Finished in 0.001 seconds
[2024-10-21 12:31:11 +0200]    - Finished in 0.279 seconds
[2024-10-21 12:31:11 +0200]   Processing: 
[2024-10-21 12:31:11 +0200] Maintenance complete. [state=pre]
=> Log closed Mon Oct 21 12:31:11 2024
----------------------------------------------------------------------------------------------------
=> Log opened from cPanel Update (upcp) - Slave (73037) at Mon Oct 21 12:31:11 2024
[2024-10-21 12:31:11 +0200]   Pre Maintenance completed successfully
=> Log closed Mon Oct 21 12:31:11 2024
----------------------------------------------------------------------------------------------------
=> Log opened from /usr/local/cpanel/scripts/post_sync_cleanup (73810) at Mon Oct 21 12:31:11 2024
[2024-10-21 12:31:11 +0200]   Processing: Running tasks
[2024-10-21 12:31:11 +0200]    - Processing command `/usr/local/cpanel/bin/taskrun --log_file=/var/cpanel/updatelogs/update.73037.99554.1729505670.log --pbar-start=30 --pbar-stop=50`
----------------------------------------------------------------------------------------------------
=> Log opened from /usr/local/cpanel/bin/taskrun (73814) at Mon Oct 21 12:31:11 2024
[2024-10-21 12:31:11 +0200]   Loaded task remove-global-event-importance
[2024-10-21 12:31:11 +0200]   Loaded task localperl
[2024-10-21 12:31:11 +0200]   Loaded task logrotation
[2024-10-21 12:31:11 +0200]   Loaded task ftpd
[2024-10-21 12:31:11 +0200]   Loaded task apache
[2024-10-21 12:31:11 +0200]   Loaded task 110_paper_lantern_removal
[2024-10-21 12:31:11 +0200]   Loaded task ResellersInit
[2024-10-21 12:31:11 +0200]   Loaded task regenerate_hyperscaler_tokens
[2024-10-21 12:31:11 +0200]   Loaded task CPIpv6
[2024-10-21 12:31:11 +0200]   Loaded task noshell
[2024-10-21 12:31:11 +0200]   Loaded task removelegacytouchfiles
[2024-10-21 12:31:11 +0200]   Loaded task cpaddon_repos
[2024-10-21 12:31:11 +0200]   Loaded task check_cpaddons
[2024-10-21 12:31:11 +0200]   Loaded task default_feature_flags
[2024-10-21 12:31:11 +0200]   Loaded task cpanelservice
[2024-10-21 12:31:11 +0200]   Loaded task block_ubuntu_upgrades
[2024-10-21 12:31:11 +0200]   Loaded task sshd
[2024-10-21 12:31:11 +0200]   Loaded task DigestAuthInit
[2024-10-21 12:31:11 +0200]   Loaded task susetup
[2024-10-21 12:31:11 +0200]   Loaded task fix_pdns_startup
[2024-10-21 12:31:11 +0200]   Loaded task ensure_dnf_minrate
[2024-10-21 12:31:11 +0200]   Loaded task conf
[2024-10-21 12:31:11 +0200]   Loaded task cpanelpost
[2024-10-21 12:31:11 +0200]   Loaded task ipaliases
[2024-10-21 12:31:11 +0200]   Loaded task perm
[2024-10-21 12:31:11 +0200]   Loaded task check_remote_mysql_version
[2024-10-21 12:31:11 +0200]   Loaded task fastmail
[2024-10-21 12:31:11 +0200]   Loaded task migrate_reseller_acls_98
[2024-10-21 12:31:11 +0200]   Loaded task postmasteralias
[2024-10-21 12:31:11 +0200]   Loaded task users
[2024-10-21 12:31:11 +0200]   Loaded task mailman
[2024-10-21 12:31:11 +0200]   Loaded task letsencrypt
[2024-10-21 12:31:11 +0200]   Loaded task nativedav
[2024-10-21 12:31:11 +0200]   Loaded task fix_cphulk_config
[2024-10-21 12:31:11 +0200]   Loaded task uninstall_cpanel_monitoring_packages
[2024-10-21 12:31:11 +0200]   Loaded task fixmariadbstartup
[2024-10-21 12:31:11 +0200]   Loaded task default_feature_files
[2024-10-21 12:31:11 +0200]   Loaded task virtfs
[2024-10-21 12:31:11 +0200]   Loaded task chshsecurity
[2024-10-21 12:31:11 +0200]   Loaded task package_extension
[2024-10-21 12:31:11 +0200]   Loaded task nscd_systemd_config
[2024-10-21 12:31:11 +0200]   Loaded task check_cphulk_database
[2024-10-21 12:31:11 +0200]   Loaded task fixlogpermissions
[2024-10-21 12:31:11 +0200]   Loaded task fixpamconf
[2024-10-21 12:31:11 +0200]   Loaded task phpsanitycheck
[2024-10-21 12:31:11 +0200]   Loaded task fix_greylisting_perms
[2024-10-21 12:31:11 +0200]   Loaded task selinuxsetup
[2024-10-21 12:31:11 +0200]   Loaded task bind_systemd_config
[2024-10-21 12:31:11 +0200]   Loaded task bandwidth_cache
[2024-10-21 12:31:11 +0200]   Loaded task bash_timestamps
[2024-10-21 12:31:11 +0200]   Loaded task externalauth
[2024-10-21 12:31:11 +0200]   Loaded task formmail
[2024-10-21 12:31:11 +0200]   Loaded task ruby-on-rails
[2024-10-21 12:31:11 +0200]   Loaded task setup_cagefs
[2024-10-21 12:31:11 +0200]   Loaded task taskqueue
[2024-10-21 12:31:11 +0200]   Loaded task enable_repos
[2024-10-21 12:31:11 +0200]   Loaded task chkservdsetup
[2024-10-21 12:31:11 +0200]   Loaded task securitycheck
[2024-10-21 12:31:11 +0200]   Loaded task mysqlclean
[2024-10-21 12:31:11 +0200] W History file does not exist (/var/cpanel/version/task-history)
[Starting pre]
[Finished pre (0.000 seconds)]
[Starting users]
[Finished users (0.041 seconds)]
[Starting cpanelservice]
[Finished cpanelservice (0.081 seconds)]
[2024-10-21 12:31:12 +0200]   31% complete
[2024-10-21 12:31:12 +0200]   31% complete
[Starting logrotation]
[Finished logrotation (0.009 seconds)]
[Starting mysqlclean]
Removing anonymous users ... Done
Dropping global lock tables and create tmp tables permissions ... Done
Removing all privileges for test db ... Done
Dropping test database... Done
Removing all default public grants for test databases ... Done
Flushing privileges table ... Done.
[Finished mysqlclean (0.050 seconds)]
[Starting main]
[Finished main (0.000 seconds)]
[2024-10-21 12:31:12 +0200]   32% complete
[2024-10-21 12:31:12 +0200]   32% complete
[Starting nativedav]
[Finished nativedav (0.000 seconds)]
[Starting noshell]
[Finished noshell (0.001 seconds)]
[Starting package_extension]
[Finished package_extension (0.001 seconds)]
[2024-10-21 12:31:12 +0200]   33% complete
[2024-10-21 12:31:12 +0200]   33% complete
[Starting perm]
[Finished perm (0.009 seconds)]
[Starting postmasteralias]
[Finished postmasteralias (0.002 seconds)]
[Starting remove-global-event-importance]
[Finished remove-global-event-importance (0.001 seconds)]
[2024-10-21 12:31:12 +0200]   34% complete
[2024-10-21 12:31:12 +0200]   34% complete
[Starting removelegacytouchfiles]
[Finished removelegacytouchfiles (0.000 seconds)]
[Starting ruby-on-rails]
[Finished ruby-on-rails (0.043 seconds)]
[Starting securitycheck]
[Finished securitycheck (0.068 seconds)]
[2024-10-21 12:31:12 +0200]   35% complete
[2024-10-21 12:31:12 +0200]   35% complete
[Starting selinuxsetup]
[Finished selinuxsetup (0.000 seconds)]
[Starting setup_cagefs]
[Finished setup_cagefs (0.000 seconds)]
[Starting sshd]
Running Task: “sec-247-sshd”.
Waiting for “sshd” to restart ………waiting for “sshd” to initialize ………finished.

Service Status
	sshd (sshd: /usr/sbin/sshd -D [listener] 0 of 10-100 startups) is running as root with PID 73854 (systemd+/proc check method).

Startup Log
	Oct 21 12:31:12 vmi2142662 systemd[1]: Starting OpenBSD Secure Shell server...
	Oct 21 12:31:12 vmi2142662 sshd[73854]: Server listening on 0.0.0.0 port 22.
	Oct 21 12:31:12 vmi2142662 sshd[73854]: Server listening on :: port 22.
	Oct 21 12:31:12 vmi2142662 systemd[1]: Started OpenBSD Secure Shell server.

sshd restarted successfully.
Completed Task: “sec-247-sshd” in 0.256 second(s).
[Finished sshd (0.256 seconds)]
[2024-10-21 12:31:12 +0200]   36% complete
[2024-10-21 12:31:12 +0200]   36% complete
[Starting susetup]
[Finished susetup (0.001 seconds)]
[Starting taskqueue]
[Finished taskqueue (0.000 seconds)]
[Starting uninstall_cpanel_monitoring_packages]
Running Task: “114_uninstall_cpanel_monitoring_packages”.
Completed Task: “114_uninstall_cpanel_monitoring_packages” in 0.003 second(s).
[Finished uninstall_cpanel_monitoring_packages (0.003 seconds)]
[2024-10-21 12:31:12 +0200]   37% complete
[2024-10-21 12:31:12 +0200]   37% complete
[Starting virtfs]
[Finished virtfs (0.001 seconds)]
[Starting 110_paper_lantern_removal]
Running Task: “110-paper-lantern-removal”.
Completed Task: “110-paper-lantern-removal” in 0.000 second(s).
[Finished 110_paper_lantern_removal (0.000 seconds)]
[Starting CPIpv6]
[Finished CPIpv6 (0.691 seconds)]
[2024-10-21 12:31:13 +0200]   38% complete
[2024-10-21 12:31:13 +0200]   38% complete
[Starting DigestAuthInit]
[Finished DigestAuthInit (0.000 seconds)]
[Starting ResellersInit]
[Finished ResellersInit (0.000 seconds)]
[Starting apache]
Starting update
Account suspension include updated
Skipping Apache restart
[Finished apache (0.224 seconds)]
[2024-10-21 12:31:13 +0200]   39% complete
[2024-10-21 12:31:13 +0200]   39% complete
[Starting bandwidth_cache]
Building BandwidthDB RootCache in the background (PID 73958)...
[Finished bandwidth_cache (0.024 seconds)]
[Starting bash_timestamps]
[Finished bash_timestamps (0.001 seconds)]
[Starting bind_systemd_config]
[Finished bind_systemd_config (0.318 seconds)]
[Starting block_ubuntu_upgrades]
[Finished block_ubuntu_upgrades (0.001 seconds)]
[2024-10-21 12:31:13 +0200]   40% complete
[2024-10-21 12:31:13 +0200]   40% complete
[Starting check_cpaddons]
[Finished check_cpaddons (0.000 seconds)]
[Starting check_cphulk_database]
[Finished check_cphulk_database (0.002 seconds)]
[Starting check_remote_mysql_version]
[Finished check_remote_mysql_version (0.001 seconds)]
[2024-10-21 12:31:13 +0200]   41% complete
[2024-10-21 12:31:13 +0200]   41% complete
[Starting chkservdsetup]
[Finished chkservdsetup (0.376 seconds)]
[Starting chshsecurity]
[Finished chshsecurity (0.000 seconds)]
[Starting cpaddon_repos]
[Finished cpaddon_repos (0.000 seconds)]
[2024-10-21 12:31:14 +0200]   42% complete
[2024-10-21 12:31:14 +0200]   42% complete
[Starting default_feature_files]
[Finished default_feature_files (0.032 seconds)]
[Starting default_feature_flags]
[Finished default_feature_flags (0.023 seconds)]
[Starting enable_repos]
[Finished enable_repos (0.000 seconds)]
[2024-10-21 12:31:14 +0200]   43% complete
[2024-10-21 12:31:14 +0200]   43% complete
[Starting ensure_dnf_minrate]
[Finished ensure_dnf_minrate (0.000 seconds)]
[Starting externalauth]
[Finished externalauth (0.000 seconds)]
[Starting fastmail]
[Finished fastmail (0.630 seconds)]
[2024-10-21 12:31:14 +0200]   44% complete
[2024-10-21 12:31:14 +0200]   44% complete
[Starting fix_cphulk_config]
[Finished fix_cphulk_config (0.000 seconds)]
[Starting fix_greylisting_perms]
[Finished fix_greylisting_perms (0.000 seconds)]
[Starting fix_pdns_startup]
[Finished fix_pdns_startup (0.000 seconds)]
[2024-10-21 12:31:14 +0200]   45% complete
[2024-10-21 12:31:14 +0200]   45% complete
[Starting fixlogpermissions]
[Finished fixlogpermissions (0.003 seconds)]
[Starting fixmariadbstartup]
[Finished fixmariadbstartup (0.000 seconds)]
[Starting fixpamconf]
[Finished fixpamconf (0.002 seconds)]
[2024-10-21 12:31:14 +0200]   46% complete
[2024-10-21 12:31:14 +0200]   46% complete
[Starting formmail]
[Finished formmail (0.017 seconds)]
[Starting ftpd]
[Finished ftpd (0.000 seconds)]
[Starting ipaliases]
[Finished ipaliases (0.007 seconds)]
[2024-10-21 12:31:14 +0200]   47% complete
[2024-10-21 12:31:14 +0200]   47% complete
[Starting letsencrypt]
Running Task: “11.120_letsencrypt”.
Completed Task: “11.120_letsencrypt” in 0.000 second(s).
[Finished letsencrypt (0.000 seconds)]
[Starting localperl]
[Finished localperl (0.001 seconds)]
[Starting mailman]
[Finished mailman (0.000 seconds)]
[2024-10-21 12:31:14 +0200]   48% complete
[2024-10-21 12:31:14 +0200]   48% complete
[Starting migrate_reseller_acls_98]
Running Task: “11100_migrate_reseller_acls”.
Completed Task: “11100_migrate_reseller_acls” in 0.045 second(s).
[Finished migrate_reseller_acls_98 (0.045 seconds)]
[Starting nscd_systemd_config]
[Finished nscd_systemd_config (0.310 seconds)]
[Starting phpsanitycheck]
[Finished phpsanitycheck (0.007 seconds)]
[2024-10-21 12:31:15 +0200]   49% complete
[2024-10-21 12:31:15 +0200]   49% complete
[Starting conf]
Skipping cpanelbranding update because it is a symlink
[Finished conf (0.008 seconds)]
[Starting post]
[Finished post (0.000 seconds)]
[Starting regenerate_hyperscaler_tokens]
Running Task: “hyperscaler_tokens2”.
Completed Task: “hyperscaler_tokens2” in 0.000 second(s).
[Finished regenerate_hyperscaler_tokens (0.000 seconds)]
[Starting cpanelpost]
The cache is already initialized.
OK

[Finished cpanelpost (0.245 seconds)]
=> Log closed Mon Oct 21 12:31:15 2024
[2024-10-21 12:31:15 +0200]   Completed “/usr/local/cpanel/bin/taskrun” in 4.198 second(s).
[2024-10-21 12:31:15 +0200]   52% complete
[2024-10-21 12:31:15 +0200]   ==> Starting cPanel....
[2024-10-21 12:31:15 +0200]   Processing: Restarting services
[2024-10-21 12:31:15 +0200]    - Processing command `/usr/local/cpanel/etc/init/startup --skip-queueprocd`
[2024-10-21 12:31:15 +0200]      [/usr/local/cpanel/etc/init/startup] You may be running this update interactively from within WHM.
[2024-10-21 12:31:15 +0200]      [/usr/local/cpanel/etc/init/startup] It is necessary we restart cpsrvd, but this will kill the session displaying update progress.
[2024-10-21 12:31:15 +0200]      [/usr/local/cpanel/etc/init/startup] Please see the logs in /var/cpanel/updatelogs/ for further information if the update progress stops
[2024-10-21 12:31:15 +0200]      [/usr/local/cpanel/etc/init/startup] 
[2024-10-21 12:31:16 +0200]      [/usr/local/cpanel/etc/init/startup] ==> SMTP Mail protection has been enabled.
[2024-10-21 12:31:16 +0200]      [/usr/local/cpanel/etc/init/startup] All outbound SMTP connections will be redirected to localhost except:
[2024-10-21 12:31:16 +0200]      [/usr/local/cpanel/etc/init/startup] 	uid is root (ports: 25,465,587)
[2024-10-21 12:31:16 +0200]      [/usr/local/cpanel/etc/init/startup] 	uid is cpanel (ports: 25,465,587)
[2024-10-21 12:31:16 +0200]      [/usr/local/cpanel/etc/init/startup] 	gid is mail (ports: 25,465,587)
[2024-10-21 12:31:16 +0200]      [/usr/local/cpanel/etc/init/startup] 	gid is mailman (ports: 25,465,587)
[2024-10-21 12:31:16 +0200]      [/usr/local/cpanel/etc/init/startup] (XID reehex) The “cpgreylistd” service is disabled.
[2024-10-21 12:31:16 +0200]      [/usr/local/cpanel/etc/init/startup] Completed Task: “/usr/local/cpanel/etc/init/startcpgreylistd --no-verbose” in 0.080 second(s).
[2024-10-21 12:31:16 +0200]      [/usr/local/cpanel/etc/init/startup] (XID y4f3jh) The “cpanel_php_fpm” service is disabled.
[2024-10-21 12:31:16 +0200]      [/usr/local/cpanel/etc/init/startup] Completed Task: “/usr/local/cpanel/etc/init/startcpanel_php_fpm --no-verbose” in 0.131 second(s).
[2024-10-21 12:31:16 +0200]   Completed “/usr/local/cpanel/etc/init/startup” in 0.956 second(s).
[2024-10-21 12:31:16 +0200]   ==> Post Install Complete
[2024-10-21 12:31:16 +0200]   55% complete
=> Log closed Mon Oct 21 12:31:16 2024
----------------------------------------------------------------------------------------------------
=> Log opened from cPanel Update (upcp) - Slave (73037) at Mon Oct 21 12:31:16 2024
[2024-10-21 12:31:16 +0200]   Post-sync cleanup completed successfully
=> Log closed Mon Oct 21 12:31:16 2024
----------------------------------------------------------------------------------------------------
=> Log opened from /usr/local/cpanel/scripts/maintenance (74253) at Mon Oct 21 12:31:16 2024
[2024-10-21 12:31:17 +0200]   Processing: Purging cpupdate.conf of invalid entries
[2024-10-21 12:31:17 +0200]    - Finished in 0.001 seconds
[2024-10-21 12:31:17 +0200]   Purging upcp logs older than 45 days.
[2024-10-21 12:31:17 +0200]   56% complete
[2024-10-21 12:31:17 +0200]    - Finished in 0.000 seconds
[2024-10-21 12:31:17 +0200]   Processing: Updating cPanel signing keys.
[2024-10-21 12:31:17 +0200]    - Processing command `/usr/local/cpanel/scripts/updatesigningkey`
[2024-10-21 12:31:17 +0200]    - Finished command `/usr/local/cpanel/scripts/updatesigningkey` in 0.055 seconds
[2024-10-21 12:31:17 +0200]   57% complete
[2024-10-21 12:31:17 +0200]   Processing: Restarting any outdated services
[2024-10-21 12:31:17 +0200]   Processing: Running platform specific optimizations
[2024-10-21 12:31:17 +0200]   58% complete
[2024-10-21 12:31:17 +0200]    - Processing command `/usr/local/cpanel/scripts/vps_optimizer`
[2024-10-21 12:31:17 +0200]      [/usr/local/cpanel/scripts/vps_optimizer] [*] Optimizations have already been performed once. Use --force to redo optimizations
[2024-10-21 12:31:17 +0200]    - Finished command `/usr/local/cpanel/scripts/vps_optimizer` in 0.102 seconds
[2024-10-21 12:31:17 +0200]   Processing: Checking for a valid C Compiler.
[2024-10-21 12:31:17 +0200]   59% complete
[2024-10-21 12:31:17 +0200]    - Processing command `/usr/local/cpanel/scripts/checkccompiler`
[2024-10-21 12:31:17 +0200]      [/usr/local/cpanel/scripts/checkccompiler] C compiler (/usr/bin/gcc) OK
[2024-10-21 12:31:17 +0200]      [/usr/local/cpanel/scripts/checkccompiler] Tuned C compiler not available because it is not enabled
[2024-10-21 12:31:17 +0200]    - Finished command `/usr/local/cpanel/scripts/checkccompiler` in 0.227 seconds
[2024-10-21 12:31:17 +0200]   Processing: Migrating feature lists to current version (if needed)
[2024-10-21 12:31:17 +0200]   60% complete
[2024-10-21 12:31:17 +0200]    - Processing command `/usr/local/cpanel/bin/migrate_all_feature_lists_to_current`
[2024-10-21 12:31:17 +0200]      [/usr/local/cpanel/bin/migrate_all_feature_lists_to_current] Migrated 0 feature list(s)
[2024-10-21 12:31:17 +0200]    - Finished command `/usr/local/cpanel/bin/migrate_all_feature_lists_to_current` in 0.038 seconds
[2024-10-21 12:31:17 +0200]   Processing: Checking for main IP changes
[2024-10-21 12:31:17 +0200]   61% complete
[2024-10-21 12:31:17 +0200]    - Processing command `/usr/local/cpanel/scripts/mainipcheck`
[2024-10-21 12:31:18 +0200]    - Finished command `/usr/local/cpanel/scripts/mainipcheck` in 0.725 seconds
[2024-10-21 12:31:18 +0200]   Processing: Updating neighbor netblocks
[2024-10-21 12:31:18 +0200]   62% complete
[2024-10-21 12:31:18 +0200]    - Processing command `/usr/local/cpanel/scripts/update_neighbor_netblocks`
[2024-10-21 12:31:18 +0200]    - Finished command `/usr/local/cpanel/scripts/update_neighbor_netblocks` in 0.053 seconds
[2024-10-21 12:31:18 +0200]   Processing: Updating known proxy ips
[2024-10-21 12:31:18 +0200]   63% complete
[2024-10-21 12:31:18 +0200]    - Processing command `/usr/local/cpanel/scripts/update_known_proxy_ips`
[2024-10-21 12:31:18 +0200]    - Finished command `/usr/local/cpanel/scripts/update_known_proxy_ips` in 0.383 seconds
[2024-10-21 12:31:18 +0200]   Processing: Validating server hostname
[2024-10-21 12:31:18 +0200]   64% complete
[2024-10-21 12:31:18 +0200]   Processing: Validating cPanel system users
[2024-10-21 12:31:18 +0200]    - Processing command `/usr/local/cpanel/scripts/checkusers`
[2024-10-21 12:31:18 +0200]      [/usr/local/cpanel/scripts/checkusers] Homedir: /var/cpanel/userhomes/cpanel
[2024-10-21 12:31:18 +0200]    - Finished command `/usr/local/cpanel/scripts/checkusers` in 0.003 seconds
[2024-10-21 12:31:18 +0200]   65% complete
[2024-10-21 12:31:18 +0200]   Processing: Creating account configuration file /etc/wwwacct.conf
[2024-10-21 12:31:18 +0200]    - Processing command `/usr/local/cpanel/scripts/mkwwwacctconf`
[2024-10-21 12:31:18 +0200]    - Finished command `/usr/local/cpanel/scripts/mkwwwacctconf` in 0.175 seconds
[2024-10-21 12:31:18 +0200]   66% complete
[2024-10-21 12:31:18 +0200]   Processing: Setting up IP aliases startup
[2024-10-21 12:31:18 +0200]    - Processing command `/usr/local/cpanel/whostmgr/bin/setupipaliases`
[2024-10-21 12:31:19 +0200]    - Finished command `/usr/local/cpanel/whostmgr/bin/setupipaliases` in 0.757 seconds
[2024-10-21 12:31:19 +0200]   67% complete
[2024-10-21 12:31:19 +0200]   Processing: Checking plugin packages
[2024-10-21 12:31:19 +0200]    - Processing command `/usr/local/cpanel/scripts/check_plugin_pkgs --pkg cpanel-analytics --pkg cpanel-banners-plugin --pkg cpanel-koality-plugin --pkg cpanel-sitejet-plugin --pkg cpanel-plugin-monitoring-campaigns`
[2024-10-21 12:31:19 +0200]      [/usr/local/cpanel/scripts/check_plugin_pkgs] * Checking package ‘cpanel-analytics’
[2024-10-21 12:31:20 +0200]      [/usr/local/cpanel/scripts/check_plugin_pkgs] Package 'cpanel-analytics' is not installed, attempting to install it …
[2024-10-21 12:31:20 +0200]      [/usr/local/cpanel/scripts/check_plugin_pkgs] 
[2024-10-21 12:31:27 +0200]      [/usr/local/cpanel/scripts/check_plugin_pkgs] Hit:1 http://archive.ubuntu.com/ubuntu jammy InRelease
[2024-10-21 12:31:27 +0200]      [/usr/local/cpanel/scripts/check_plugin_pkgs] Hit:2 http://archive.ubuntu.com/ubuntu jammy-updates InRelease
[2024-10-21 12:31:27 +0200]      [/usr/local/cpanel/scripts/check_plugin_pkgs] Hit:3 http://archive.ubuntu.com/ubuntu jammy-backports InRelease
[2024-10-21 12:31:27 +0200]      [/usr/local/cpanel/scripts/check_plugin_pkgs] Hit:4 http://security.ubuntu.com/ubuntu jammy-security InRelease
[2024-10-21 12:31:27 +0200]      [/usr/local/cpanel/scripts/check_plugin_pkgs] Get:5 http://httpupdate.cpanel.net/ea4-u22-mirrorlist Mirrorlist
[2024-10-21 12:31:27 +0200]      [/usr/local/cpanel/scripts/check_plugin_pkgs] Get:7 http://httpupdate.cpanel.net/cpanel-plugins-u22-mirrorlist Mirrorlist
[2024-10-21 12:31:27 +0200]      [/usr/local/cpanel/scripts/check_plugin_pkgs] Hit:6 http://184.94.196.97/cpanelsync/repos/Ubuntu/22/EA4 ./ InRelease
[2024-10-21 12:31:27 +0200]      [/usr/local/cpanel/scripts/check_plugin_pkgs] Hit:8 http://208.74.123.62/cpanelsync/repos/Ubuntu/22/cpanel-plugins ./ InRelease
[2024-10-21 12:31:27 +0200]      [/usr/local/cpanel/scripts/check_plugin_pkgs] Hit:9 https://dlm.mariadb.com/repo/mariadb-server/10.11/repo/ubuntu jammy InRelease
[2024-10-21 12:31:27 +0200]      [/usr/local/cpanel/scripts/check_plugin_pkgs] Fetched 3163 B in 1s (3475 B/s)
[2024-10-21 12:31:27 +0200]      [/usr/local/cpanel/scripts/check_plugin_pkgs] Reading package lists...
[2024-10-21 12:31:27 +0200]      [/usr/local/cpanel/scripts/check_plugin_pkgs] 
[2024-10-21 12:31:36 +0200]      [/usr/local/cpanel/scripts/check_plugin_pkgs] Reading package lists...
[2024-10-21 12:31:36 +0200]      [/usr/local/cpanel/scripts/check_plugin_pkgs] 
[2024-10-21 12:31:36 +0200]      [/usr/local/cpanel/scripts/check_plugin_pkgs] Building dependency tree...
[2024-10-21 12:31:36 +0200]      [/usr/local/cpanel/scripts/check_plugin_pkgs] 
[2024-10-21 12:31:36 +0200]      [/usr/local/cpanel/scripts/check_plugin_pkgs] Reading state information...
[2024-10-21 12:31:36 +0200]      [/usr/local/cpanel/scripts/check_plugin_pkgs] 
[2024-10-21 12:31:36 +0200]      [/usr/local/cpanel/scripts/check_plugin_pkgs] The following NEW packages will be installed:
[2024-10-21 12:31:36 +0200]      [/usr/local/cpanel/scripts/check_plugin_pkgs]   cpanel-analytics
[2024-10-21 12:31:36 +0200]      [/usr/local/cpanel/scripts/check_plugin_pkgs] 0 upgraded, 1 newly installed, 0 to remove and 1 not upgraded.
[2024-10-21 12:31:36 +0200]      [/usr/local/cpanel/scripts/check_plugin_pkgs] Need to get 75.7 kB of archives.
[2024-10-21 12:31:36 +0200]      [/usr/local/cpanel/scripts/check_plugin_pkgs] After this operation, 394 kB of additional disk space will be used.
[2024-10-21 12:31:36 +0200]      [/usr/local/cpanel/scripts/check_plugin_pkgs] Get:1 http://httpupdate.cpanel.net/cpanel-plugins-u22-mirrorlist Mirrorlist
[2024-10-21 12:31:36 +0200]      [/usr/local/cpanel/scripts/check_plugin_pkgs] Get:2 http://185.15.22.168/cpanelsync/repos/Ubuntu/22/cpanel-plugins ./ cpanel-analytics 1.4.48-3+3.1.cpanel [75.7 kB]
[2024-10-21 12:31:36 +0200]      [/usr/local/cpanel/scripts/check_plugin_pkgs] Fetched 77.4 kB in 0s (160 kB/s)
[2024-10-21 12:31:36 +0200]      [/usr/local/cpanel/scripts/check_plugin_pkgs] Selecting previously unselected package cpanel-analytics.
[2024-10-21 12:31:36 +0200]      [/usr/local/cpanel/scripts/check_plugin_pkgs] 
[2024-10-21 12:31:36 +0200]      [/usr/local/cpanel/scripts/check_plugin_pkgs] (Reading database ... 
[2024-10-21 12:31:36 +0200]      [/usr/local/cpanel/scripts/check_plugin_pkgs] (Reading database ... 5%
[2024-10-21 12:31:36 +0200]      [/usr/local/cpanel/scripts/check_plugin_pkgs] (Reading database ... 10%
[2024-10-21 12:31:36 +0200] (Reading database ... 15%
[2024-10-21 12:31:36 +0200]      [/usr/local/cpanel/scripts/check_plugin_pkgs] (Reading database ... 20%
[2024-10-21 12:31:36 +0200]      [/usr/local/cpanel/scripts/check_plugin_pkgs] (Reading database ... 25%
[2024-10-21 12:31:36 +0200]      [/usr/local/cpanel/scripts/check_plugin_pkgs] (Reading database ... 30%
[2024-10-21 12:31:36 +0200] (Reading database ... 35%
[2024-10-21 12:31:36 +0200]      [/usr/local/cpanel/scripts/check_plugin_pkgs] (Reading database ... 40%
[2024-10-21 12:31:36 +0200]      [/usr/local/cpanel/scripts/check_plugin_pkgs] (Reading database ... 45%
[2024-10-21 12:31:36 +0200]      [/usr/local/cpanel/scripts/check_plugin_pkgs] (Reading database ... 50%
[2024-10-21 12:31:36 +0200]      [/usr/local/cpanel/scripts/check_plugin_pkgs] (Reading database ... 55%
[2024-10-21 12:31:36 +0200]      [/usr/local/cpanel/scripts/check_plugin_pkgs] (Reading database ... 60%
[2024-10-21 12:31:36 +0200] (Reading database ... 65%
[2024-10-21 12:31:36 +0200]      [/usr/local/cpanel/scripts/check_plugin_pkgs] (Reading database ... 70%
[2024-10-21 12:31:36 +0200]      [/usr/local/cpanel/scripts/check_plugin_pkgs] (Reading database ... 75%
[2024-10-21 12:31:36 +0200]      [/usr/local/cpanel/scripts/check_plugin_pkgs] (Reading database ... 80%
[2024-10-21 12:31:36 +0200]      [/usr/local/cpanel/scripts/check_plugin_pkgs] (Reading database ... 85%
[2024-10-21 12:31:36 +0200]      [/usr/local/cpanel/scripts/check_plugin_pkgs] (Reading database ... 90%
[2024-10-21 12:31:36 +0200]      [/usr/local/cpanel/scripts/check_plugin_pkgs] (Reading database ... 95%
[2024-10-21 12:31:36 +0200]      [/usr/local/cpanel/scripts/check_plugin_pkgs] (Reading database ... 100%
[2024-10-21 12:31:36 +0200] (Reading database ... 168790 files and directories currently installed.)
[2024-10-21 12:31:36 +0200]      [/usr/local/cpanel/scripts/check_plugin_pkgs] Preparing to unpack .../cpanel-analytics_1.4.48-3+3.1.cpanel_amd64.deb ...
[2024-10-21 12:31:36 +0200]      [/usr/local/cpanel/scripts/check_plugin_pkgs] Unpacking cpanel-analytics (1.4.48-3+3.1.cpanel) ...
[2024-10-21 12:31:36 +0200]      [/usr/local/cpanel/scripts/check_plugin_pkgs] Setting up cpanel-analytics (1.4.48-3+3.1.cpanel) ...
[2024-10-21 12:31:36 +0200]      [/usr/local/cpanel/scripts/check_plugin_pkgs] NEEDRESTART-VER: 3.5
[2024-10-21 12:31:36 +0200]      [/usr/local/cpanel/scripts/check_plugin_pkgs] NEEDRESTART-KCUR: 5.15.0-119-generic
[2024-10-21 12:31:36 +0200]      [/usr/local/cpanel/scripts/check_plugin_pkgs] NEEDRESTART-KEXP: 5.15.0-124-generic
[2024-10-21 12:31:36 +0200]      [/usr/local/cpanel/scripts/check_plugin_pkgs] NEEDRESTART-KSTA: 3
[2024-10-21 12:31:36 +0200]      [/usr/local/cpanel/scripts/check_plugin_pkgs] NEEDRESTART-SVC: dbus.service
[2024-10-21 12:31:36 +0200]      [/usr/local/cpanel/scripts/check_plugin_pkgs] NEEDRESTART-SVC: networkd-dispatcher.service
[2024-10-21 12:31:36 +0200]      [/usr/local/cpanel/scripts/check_plugin_pkgs] NEEDRESTART-SVC: packagekit.service
[2024-10-21 12:31:36 +0200]      [/usr/local/cpanel/scripts/check_plugin_pkgs] NEEDRESTART-SVC: polkit.service
[2024-10-21 12:31:36 +0200]      [/usr/local/cpanel/scripts/check_plugin_pkgs] NEEDRESTART-SVC: queueprocd.service
[2024-10-21 12:31:36 +0200]      [/usr/local/cpanel/scripts/check_plugin_pkgs] NEEDRESTART-SVC: systemd-manager
[2024-10-21 12:31:36 +0200]      [/usr/local/cpanel/scripts/check_plugin_pkgs] NEEDRESTART-SVC: unattended-upgrades.service
[2024-10-21 12:31:36 +0200]      [/usr/local/cpanel/scripts/check_plugin_pkgs] NEEDRESTART-SVC: user@0.service
[2024-10-21 12:31:36 +0200]      [/usr/local/cpanel/scripts/check_plugin_pkgs] Package ‘cpanel-analytics’ is OK.
[2024-10-21 12:31:36 +0200]      [/usr/local/cpanel/scripts/check_plugin_pkgs] 
[2024-10-21 12:31:36 +0200]      [/usr/local/cpanel/scripts/check_plugin_pkgs] * Checking package ‘cpanel-banners-plugin’
[2024-10-21 12:31:37 +0200]      [/usr/local/cpanel/scripts/check_plugin_pkgs] Package 'cpanel-banners-plugin' is not installed, attempting to install it …
[2024-10-21 12:31:37 +0200]      [/usr/local/cpanel/scripts/check_plugin_pkgs] 
[2024-10-21 12:31:47 +0200]      [/usr/local/cpanel/scripts/check_plugin_pkgs] Reading package lists...
[2024-10-21 12:31:47 +0200]      [/usr/local/cpanel/scripts/check_plugin_pkgs] 
[2024-10-21 12:31:47 +0200]      [/usr/local/cpanel/scripts/check_plugin_pkgs] Building dependency tree...
[2024-10-21 12:31:47 +0200]      [/usr/local/cpanel/scripts/check_plugin_pkgs] 
[2024-10-21 12:31:47 +0200]      [/usr/local/cpanel/scripts/check_plugin_pkgs] Reading state information...
[2024-10-21 12:31:47 +0200]      [/usr/local/cpanel/scripts/check_plugin_pkgs] 
[2024-10-21 12:31:47 +0200]      [/usr/local/cpanel/scripts/check_plugin_pkgs] The following NEW packages will be installed:
[2024-10-21 12:31:47 +0200]      [/usr/local/cpanel/scripts/check_plugin_pkgs]   cpanel-banners-plugin
[2024-10-21 12:31:47 +0200]      [/usr/local/cpanel/scripts/check_plugin_pkgs] 0 upgraded, 1 newly installed, 0 to remove and 1 not upgraded.
[2024-10-21 12:31:47 +0200]      [/usr/local/cpanel/scripts/check_plugin_pkgs] Need to get 9878 B of archives.
[2024-10-21 12:31:47 +0200]      [/usr/local/cpanel/scripts/check_plugin_pkgs] After this operation, 86.0 kB of additional disk space will be used.
[2024-10-21 12:31:47 +0200]      [/usr/local/cpanel/scripts/check_plugin_pkgs] Get:1 http://httpupdate.cpanel.net/cpanel-plugins-u22-mirrorlist Mirrorlist
[2024-10-21 12:31:47 +0200]      [/usr/local/cpanel/scripts/check_plugin_pkgs] Get:2 http://27.50.85.8/cpanelsync/repos/Ubuntu/22/cpanel-plugins ./ cpanel-banners-plugin 1.0.0-9+10.1.cpanel [9878 B]
[2024-10-21 12:31:47 +0200]      [/usr/local/cpanel/scripts/check_plugin_pkgs] Fetched 11.6 kB in 1s (13.6 kB/s)
[2024-10-21 12:31:47 +0200]      [/usr/local/cpanel/scripts/check_plugin_pkgs] Selecting previously unselected package cpanel-banners-plugin.
[2024-10-21 12:31:47 +0200]      [/usr/local/cpanel/scripts/check_plugin_pkgs] (Reading database ... 
[2024-10-21 12:31:47 +0200]      [/usr/local/cpanel/scripts/check_plugin_pkgs] (Reading database ... 5%
[2024-10-21 12:31:47 +0200] (Reading database ... 10%
[2024-10-21 12:31:47 +0200] (Reading database ... 15%
[2024-10-21 12:31:47 +0200] (Reading database ... 20%
[2024-10-21 12:31:47 +0200]      [/usr/local/cpanel/scripts/check_plugin_pkgs] (Reading database ... 25%
[2024-10-21 12:31:47 +0200] (Reading database ... 30%
[2024-10-21 12:31:47 +0200] (Reading database ... 35%
[2024-10-21 12:31:47 +0200] (Reading database ... 40%
[2024-10-21 12:31:47 +0200] (Reading database ... 45%
[2024-10-21 12:31:47 +0200] (Reading database ... 50%
[2024-10-21 12:31:47 +0200]      [/usr/local/cpanel/scripts/check_plugin_pkgs] (Reading database ... 55%
[2024-10-21 12:31:47 +0200] (Reading database ... 60%
[2024-10-21 12:31:47 +0200] (Reading database ... 65%
[2024-10-21 12:31:47 +0200] (Reading database ... 70%
[2024-10-21 12:31:47 +0200]      [/usr/local/cpanel/scripts/check_plugin_pkgs] (Reading database ... 75%
[2024-10-21 12:31:47 +0200]      [/usr/local/cpanel/scripts/check_plugin_pkgs] (Reading database ... 80%
[2024-10-21 12:31:47 +0200]      [/usr/local/cpanel/scripts/check_plugin_pkgs] (Reading database ... 85%
[2024-10-21 12:31:47 +0200]      [/usr/local/cpanel/scripts/check_plugin_pkgs] (Reading database ... 90%
[2024-10-21 12:31:47 +0200]      [/usr/local/cpanel/scripts/check_plugin_pkgs] (Reading database ... 95%
[2024-10-21 12:31:47 +0200]      [/usr/local/cpanel/scripts/check_plugin_pkgs] (Reading database ... 100%
[2024-10-21 12:31:47 +0200] (Reading database ... 168840 files and directories currently installed.)
[2024-10-21 12:31:47 +0200]      [/usr/local/cpanel/scripts/check_plugin_pkgs] Preparing to unpack .../cpanel-banners-plugin_1.0.0-9+10.1.cpanel_amd64.deb ...
[2024-10-21 12:31:47 +0200]      [/usr/local/cpanel/scripts/check_plugin_pkgs] Unpacking cpanel-banners-plugin (1.0.0-9+10.1.cpanel) ...
[2024-10-21 12:31:47 +0200]      [/usr/local/cpanel/scripts/check_plugin_pkgs] Setting up cpanel-banners-plugin (1.0.0-9+10.1.cpanel) ...
[2024-10-21 12:31:47 +0200]      [/usr/local/cpanel/scripts/check_plugin_pkgs] 
[2024-10-21 12:31:47 +0200]      [/usr/local/cpanel/scripts/check_plugin_pkgs] NEEDRESTART-VER: 3.5
[2024-10-21 12:31:47 +0200]      [/usr/local/cpanel/scripts/check_plugin_pkgs] NEEDRESTART-KCUR: 5.15.0-119-generic
[2024-10-21 12:31:47 +0200]      [/usr/local/cpanel/scripts/check_plugin_pkgs] NEEDRESTART-KEXP: 5.15.0-124-generic
[2024-10-21 12:31:47 +0200]      [/usr/local/cpanel/scripts/check_plugin_pkgs] NEEDRESTART-KSTA: 3
[2024-10-21 12:31:47 +0200]      [/usr/local/cpanel/scripts/check_plugin_pkgs] NEEDRESTART-SVC: dbus.service
[2024-10-21 12:31:47 +0200]      [/usr/local/cpanel/scripts/check_plugin_pkgs] NEEDRESTART-SVC: networkd-dispatcher.service
[2024-10-21 12:31:47 +0200]      [/usr/local/cpanel/scripts/check_plugin_pkgs] NEEDRESTART-SVC: packagekit.service
[2024-10-21 12:31:47 +0200]      [/usr/local/cpanel/scripts/check_plugin_pkgs] NEEDRESTART-SVC: polkit.service
[2024-10-21 12:31:47 +0200]      [/usr/local/cpanel/scripts/check_plugin_pkgs] NEEDRESTART-SVC: queueprocd.service
[2024-10-21 12:31:47 +0200]      [/usr/local/cpanel/scripts/check_plugin_pkgs] NEEDRESTART-SVC: systemd-manager
[2024-10-21 12:31:47 +0200]      [/usr/local/cpanel/scripts/check_plugin_pkgs] NEEDRESTART-SVC: unattended-upgrades.service
[2024-10-21 12:31:47 +0200]      [/usr/local/cpanel/scripts/check_plugin_pkgs] NEEDRESTART-SVC: user@0.service
[2024-10-21 12:31:47 +0200]      [/usr/local/cpanel/scripts/check_plugin_pkgs] Package ‘cpanel-banners-plugin’ is OK.
[2024-10-21 12:31:47 +0200]      [/usr/local/cpanel/scripts/check_plugin_pkgs] 
[2024-10-21 12:31:47 +0200]      [/usr/local/cpanel/scripts/check_plugin_pkgs] * Checking package ‘cpanel-koality-plugin’
[2024-10-21 12:31:48 +0200]      [/usr/local/cpanel/scripts/check_plugin_pkgs] Package 'cpanel-koality-plugin' is not installed, attempting to install it …
[2024-10-21 12:31:48 +0200]      [/usr/local/cpanel/scripts/check_plugin_pkgs] 
[2024-10-21 12:31:58 +0200]      [/usr/local/cpanel/scripts/check_plugin_pkgs] Reading package lists...
[2024-10-21 12:31:58 +0200]      [/usr/local/cpanel/scripts/check_plugin_pkgs] 
[2024-10-21 12:31:58 +0200]      [/usr/local/cpanel/scripts/check_plugin_pkgs] Building dependency tree...
[2024-10-21 12:31:58 +0200]      [/usr/local/cpanel/scripts/check_plugin_pkgs] 
[2024-10-21 12:31:58 +0200]      [/usr/local/cpanel/scripts/check_plugin_pkgs] Reading state information...
[2024-10-21 12:31:58 +0200]      [/usr/local/cpanel/scripts/check_plugin_pkgs] 
[2024-10-21 12:31:58 +0200]      [/usr/local/cpanel/scripts/check_plugin_pkgs] The following additional packages will be installed:
[2024-10-21 12:31:58 +0200]      [/usr/local/cpanel/scripts/check_plugin_pkgs]   cpanel-plugin-common cpanel-plugin-components
[2024-10-21 12:31:58 +0200]      [/usr/local/cpanel/scripts/check_plugin_pkgs] The following NEW packages will be installed:
[2024-10-21 12:31:58 +0200]      [/usr/local/cpanel/scripts/check_plugin_pkgs]   cpanel-koality-plugin cpanel-plugin-common cpanel-plugin-components
[2024-10-21 12:31:58 +0200]      [/usr/local/cpanel/scripts/check_plugin_pkgs] 0 upgraded, 3 newly installed, 0 to remove and 1 not upgraded.
[2024-10-21 12:31:58 +0200]      [/usr/local/cpanel/scripts/check_plugin_pkgs] Need to get 2335 kB of archives.
[2024-10-21 12:31:58 +0200]      [/usr/local/cpanel/scripts/check_plugin_pkgs] After this operation, 8542 kB of additional disk space will be used.
[2024-10-21 12:31:58 +0200]      [/usr/local/cpanel/scripts/check_plugin_pkgs] Get:1 http://httpupdate.cpanel.net/cpanel-plugins-u22-mirrorlist Mirrorlist
[2024-10-21 12:31:58 +0200]      [/usr/local/cpanel/scripts/check_plugin_pkgs] Get:3 http://31.22.112.31/cpanelsync/repos/Ubuntu/22/cpanel-plugins ./ cpanel-plugin-components 1.3.0-7+8.1.cpanel [20.5 kB]
[2024-10-21 12:31:58 +0200]      [/usr/local/cpanel/scripts/check_plugin_pkgs] Get:4 http://31.22.112.31/cpanelsync/repos/Ubuntu/22/cpanel-plugins ./ cpanel-koality-plugin 1.0.1-10+11.1.cpanel [2302 kB]
[2024-10-21 12:31:58 +0200]      [/usr/local/cpanel/scripts/check_plugin_pkgs] Get:2 http://201.159.169.169/cpanelsync/repos/Ubuntu/22/cpanel-plugins ./ cpanel-plugin-common 1.4.1-8+9.1.cpanel [12.5 kB]
[2024-10-21 12:31:58 +0200]      [/usr/local/cpanel/scripts/check_plugin_pkgs] Fetched 2336 kB in 1s (3162 kB/s)
[2024-10-21 12:31:58 +0200]      [/usr/local/cpanel/scripts/check_plugin_pkgs] Selecting previously unselected package cpanel-plugin-common.
[2024-10-21 12:31:58 +0200]      [/usr/local/cpanel/scripts/check_plugin_pkgs] (Reading database ... 
[2024-10-21 12:31:58 +0200]      [/usr/local/cpanel/scripts/check_plugin_pkgs] (Reading database ... 5%
[2024-10-21 12:31:58 +0200] (Reading database ... 10%
[2024-10-21 12:31:58 +0200] (Reading database ... 15%
[2024-10-21 12:31:58 +0200]      [/usr/local/cpanel/scripts/check_plugin_pkgs] (Reading database ... 20%
[2024-10-21 12:31:58 +0200] (Reading database ... 25%
[2024-10-21 12:31:58 +0200] (Reading database ... 30%
[2024-10-21 12:31:58 +0200] (Reading database ... 35%
[2024-10-21 12:31:58 +0200] (Reading database ... 40%
[2024-10-21 12:31:58 +0200] (Reading database ... 45%
[2024-10-21 12:31:58 +0200]      [/usr/local/cpanel/scripts/check_plugin_pkgs] (Reading database ... 50%
[2024-10-21 12:31:58 +0200] (Reading database ... 55%
[2024-10-21 12:31:58 +0200]      [/usr/local/cpanel/scripts/check_plugin_pkgs] (Reading database ... 60%
[2024-10-21 12:31:58 +0200]      [/usr/local/cpanel/scripts/check_plugin_pkgs] (Reading database ... 65%
[2024-10-21 12:31:58 +0200] (Reading database ... 70%
[2024-10-21 12:31:58 +0200]      [/usr/local/cpanel/scripts/check_plugin_pkgs] (Reading database ... 75%
[2024-10-21 12:31:58 +0200]      [/usr/local/cpanel/scripts/check_plugin_pkgs] (Reading database ... 80%
[2024-10-21 12:31:58 +0200] (Reading database ... 85%
[2024-10-21 12:31:58 +0200]      [/usr/local/cpanel/scripts/check_plugin_pkgs] (Reading database ... 90%
[2024-10-21 12:31:58 +0200]      [/usr/local/cpanel/scripts/check_plugin_pkgs] (Reading database ... 95%
[2024-10-21 12:31:58 +0200]      [/usr/local/cpanel/scripts/check_plugin_pkgs] (Reading database ... 100%
[2024-10-21 12:31:58 +0200] (Reading database ... 168862 files and directories currently installed.)
[2024-10-21 12:31:58 +0200]      [/usr/local/cpanel/scripts/check_plugin_pkgs] Preparing to unpack .../cpanel-plugin-common_1.4.1-8+9.1.cpanel_amd64.deb ...
[2024-10-21 12:31:58 +0200]      [/usr/local/cpanel/scripts/check_plugin_pkgs] Unpacking cpanel-plugin-common (1.4.1-8+9.1.cpanel) ...
[2024-10-21 12:31:58 +0200]      [/usr/local/cpanel/scripts/check_plugin_pkgs] Selecting previously unselected package cpanel-plugin-components.
[2024-10-21 12:31:58 +0200]      [/usr/local/cpanel/scripts/check_plugin_pkgs] 
[2024-10-21 12:31:58 +0200]      [/usr/local/cpanel/scripts/check_plugin_pkgs] Preparing to unpack .../cpanel-plugin-components_1.3.0-7+8.1.cpanel_amd64.deb ...
[2024-10-21 12:31:58 +0200]      [/usr/local/cpanel/scripts/check_plugin_pkgs] 
[2024-10-21 12:31:58 +0200]      [/usr/local/cpanel/scripts/check_plugin_pkgs] Unpacking cpanel-plugin-components (1.3.0-7+8.1.cpanel) ...
[2024-10-21 12:31:58 +0200]      [/usr/local/cpanel/scripts/check_plugin_pkgs] 
[2024-10-21 12:31:58 +0200]      [/usr/local/cpanel/scripts/check_plugin_pkgs] Selecting previously unselected package cpanel-koality-plugin.
[2024-10-21 12:31:58 +0200]      [/usr/local/cpanel/scripts/check_plugin_pkgs] Preparing to unpack .../cpanel-koality-plugin_1.0.1-10+11.1.cpanel_amd64.deb ...
[2024-10-21 12:31:58 +0200]      [/usr/local/cpanel/scripts/check_plugin_pkgs] 
[2024-10-21 12:31:58 +0200]      [/usr/local/cpanel/scripts/check_plugin_pkgs] Unpacking cpanel-koality-plugin (1.0.1-10+11.1.cpanel) ...
[2024-10-21 12:31:58 +0200]      [/usr/local/cpanel/scripts/check_plugin_pkgs] Setting up cpanel-plugin-common (1.4.1-8+9.1.cpanel) ...
[2024-10-21 12:31:58 +0200]      [/usr/local/cpanel/scripts/check_plugin_pkgs] Setting up cpanel-plugin-components (1.3.0-7+8.1.cpanel) ...
[2024-10-21 12:31:58 +0200]      [/usr/local/cpanel/scripts/check_plugin_pkgs] Setting up cpanel-koality-plugin (1.0.1-10+11.1.cpanel) ...
[2024-10-21 12:31:58 +0200]      [/usr/local/cpanel/scripts/check_plugin_pkgs] info [install_plugin] Installing to jupiter
[2024-10-21 12:31:58 +0200]      [/usr/local/cpanel/scripts/check_plugin_pkgs] info [install_plugin] Installing koality in Feature Manager ...
[2024-10-21 12:31:58 +0200]      [/usr/local/cpanel/scripts/check_plugin_pkgs] info [install_plugin] Done
[2024-10-21 12:31:58 +0200]      [/usr/local/cpanel/scripts/check_plugin_pkgs] info [install_plugin] Scheduling task to update sprites
[2024-10-21 12:31:58 +0200]      [/usr/local/cpanel/scripts/check_plugin_pkgs] info [install_plugin] Scheduling task to update API spec files
[2024-10-21 12:31:58 +0200]      [/usr/local/cpanel/scripts/check_plugin_pkgs] Plugin installed ok
[2024-10-21 12:31:58 +0200]      [/usr/local/cpanel/scripts/check_plugin_pkgs] Applying marketing links state for Site Quality Monitoring
[2024-10-21 12:31:58 +0200]      [/usr/local/cpanel/scripts/check_plugin_pkgs]  - Site Quality Monitoring is enabled.
[2024-10-21 12:31:58 +0200]      [/usr/local/cpanel/scripts/check_plugin_pkgs] SKIP:  Sitejet Builder is not installed on this server.
[2024-10-21 12:31:58 +0200]      [/usr/local/cpanel/scripts/check_plugin_pkgs] 
[2024-10-21 12:31:58 +0200]      [/usr/local/cpanel/scripts/check_plugin_pkgs] Rebuilding the extra marketing menus.
[2024-10-21 12:31:58 +0200]      [/usr/local/cpanel/scripts/check_plugin_pkgs] Fixing menu permissions
[2024-10-21 12:31:58 +0200]      [/usr/local/cpanel/scripts/check_plugin_pkgs] NEEDRESTART-VER: 3.5
[2024-10-21 12:31:58 +0200]      [/usr/local/cpanel/scripts/check_plugin_pkgs] NEEDRESTART-KCUR: 5.15.0-119-generic
[2024-10-21 12:31:58 +0200]      [/usr/local/cpanel/scripts/check_plugin_pkgs] NEEDRESTART-KEXP: 5.15.0-124-generic
[2024-10-21 12:31:58 +0200]      [/usr/local/cpanel/scripts/check_plugin_pkgs] NEEDRESTART-KSTA: 3
[2024-10-21 12:31:58 +0200]      [/usr/local/cpanel/scripts/check_plugin_pkgs] NEEDRESTART-SVC: dbus.service
[2024-10-21 12:31:58 +0200]      [/usr/local/cpanel/scripts/check_plugin_pkgs] NEEDRESTART-SVC: networkd-dispatcher.service
[2024-10-21 12:31:58 +0200]      [/usr/local/cpanel/scripts/check_plugin_pkgs] NEEDRESTART-SVC: packagekit.service
[2024-10-21 12:31:58 +0200]      [/usr/local/cpanel/scripts/check_plugin_pkgs] NEEDRESTART-SVC: polkit.service
[2024-10-21 12:31:58 +0200]      [/usr/local/cpanel/scripts/check_plugin_pkgs] NEEDRESTART-SVC: systemd-manager
[2024-10-21 12:31:58 +0200]      [/usr/local/cpanel/scripts/check_plugin_pkgs] NEEDRESTART-SVC: unattended-upgrades.service
[2024-10-21 12:31:58 +0200]      [/usr/local/cpanel/scripts/check_plugin_pkgs] NEEDRESTART-SVC: user@0.service
[2024-10-21 12:31:58 +0200]      [/usr/local/cpanel/scripts/check_plugin_pkgs] Package ‘cpanel-koality-plugin’ is OK.
[2024-10-21 12:31:58 +0200]      [/usr/local/cpanel/scripts/check_plugin_pkgs] 
[2024-10-21 12:31:58 +0200]      [/usr/local/cpanel/scripts/check_plugin_pkgs] * Checking package ‘cpanel-sitejet-plugin’
[2024-10-21 12:31:59 +0200]      [/usr/local/cpanel/scripts/check_plugin_pkgs] Package 'cpanel-sitejet-plugin' is not installed, attempting to install it …
[2024-10-21 12:31:59 +0200]      [/usr/local/cpanel/scripts/check_plugin_pkgs] 
[2024-10-21 12:32:10 +0200]      [/usr/local/cpanel/scripts/check_plugin_pkgs] Reading package lists...
[2024-10-21 12:32:10 +0200]      [/usr/local/cpanel/scripts/check_plugin_pkgs] 
[2024-10-21 12:32:10 +0200]      [/usr/local/cpanel/scripts/check_plugin_pkgs] Building dependency tree...
[2024-10-21 12:32:10 +0200]      [/usr/local/cpanel/scripts/check_plugin_pkgs] 
[2024-10-21 12:32:10 +0200]      [/usr/local/cpanel/scripts/check_plugin_pkgs] Reading state information...
[2024-10-21 12:32:10 +0200]      [/usr/local/cpanel/scripts/check_plugin_pkgs] 
[2024-10-21 12:32:10 +0200]      [/usr/local/cpanel/scripts/check_plugin_pkgs] The following NEW packages will be installed:
[2024-10-21 12:32:10 +0200]      [/usr/local/cpanel/scripts/check_plugin_pkgs]   cpanel-sitejet-plugin
[2024-10-21 12:32:10 +0200]      [/usr/local/cpanel/scripts/check_plugin_pkgs] 0 upgraded, 1 newly installed, 0 to remove and 1 not upgraded.
[2024-10-21 12:32:10 +0200]      [/usr/local/cpanel/scripts/check_plugin_pkgs] Need to get 1573 kB of archives.
[2024-10-21 12:32:10 +0200]      [/usr/local/cpanel/scripts/check_plugin_pkgs] After this operation, 3050 kB of additional disk space will be used.
[2024-10-21 12:32:10 +0200]      [/usr/local/cpanel/scripts/check_plugin_pkgs] Get:1 http://httpupdate.cpanel.net/cpanel-plugins-u22-mirrorlist Mirrorlist
[2024-10-21 12:32:10 +0200]      [/usr/local/cpanel/scripts/check_plugin_pkgs] Get:2 http://185.157.208.252/cpanelsync/repos/Ubuntu/22/cpanel-plugins ./ cpanel-sitejet-plugin 1.5.2-1+2.1.cpanel [1573 kB]
[2024-10-21 12:32:10 +0200]      [/usr/local/cpanel/scripts/check_plugin_pkgs] Fetched 1575 kB in 1s (2071 kB/s)
[2024-10-21 12:32:10 +0200]      [/usr/local/cpanel/scripts/check_plugin_pkgs] Selecting previously unselected package cpanel-sitejet-plugin.
[2024-10-21 12:32:10 +0200]      [/usr/local/cpanel/scripts/check_plugin_pkgs] 
[2024-10-21 12:32:10 +0200]      [/usr/local/cpanel/scripts/check_plugin_pkgs] (Reading database ... 
[2024-10-21 12:32:10 +0200]      [/usr/local/cpanel/scripts/check_plugin_pkgs] (Reading database ... 5%
[2024-10-21 12:32:10 +0200]      [/usr/local/cpanel/scripts/check_plugin_pkgs] (Reading database ... 10%
[2024-10-21 12:32:10 +0200]      [/usr/local/cpanel/scripts/check_plugin_pkgs] (Reading database ... 15%
[2024-10-21 12:32:10 +0200]      [/usr/local/cpanel/scripts/check_plugin_pkgs] (Reading database ... 20%
[2024-10-21 12:32:10 +0200]      [/usr/local/cpanel/scripts/check_plugin_pkgs] (Reading database ... 25%
[2024-10-21 12:32:10 +0200]      [/usr/local/cpanel/scripts/check_plugin_pkgs] (Reading database ... 30%
[2024-10-21 12:32:10 +0200] (Reading database ... 35%
[2024-10-21 12:32:10 +0200]      [/usr/local/cpanel/scripts/check_plugin_pkgs] (Reading database ... 40%
[2024-10-21 12:32:10 +0200] (Reading database ... 45%
[2024-10-21 12:32:10 +0200] (Reading database ... 50%
[2024-10-21 12:32:10 +0200] (Reading database ... 55%
[2024-10-21 12:32:10 +0200] (Reading database ... 60%
[2024-10-21 12:32:10 +0200] (Reading database ... 65%
[2024-10-21 12:32:10 +0200] (Reading database ... 70%
[2024-10-21 12:32:10 +0200] (Reading database ... 75%
[2024-10-21 12:32:10 +0200] (Reading database ... 80%
[2024-10-21 12:32:10 +0200] (Reading database ... 85%
[2024-10-21 12:32:10 +0200]      [/usr/local/cpanel/scripts/check_plugin_pkgs] (Reading database ... 90%
[2024-10-21 12:32:10 +0200]      [/usr/local/cpanel/scripts/check_plugin_pkgs] (Reading database ... 95%
[2024-10-21 12:32:10 +0200]      [/usr/local/cpanel/scripts/check_plugin_pkgs] (Reading database ... 100%
[2024-10-21 12:32:10 +0200] (Reading database ... 169210 files and directories currently installed.)
[2024-10-21 12:32:10 +0200]      [/usr/local/cpanel/scripts/check_plugin_pkgs] Preparing to unpack .../cpanel-sitejet-plugin_1.5.2-1+2.1.cpanel_amd64.deb ...
[2024-10-21 12:32:10 +0200]      [/usr/local/cpanel/scripts/check_plugin_pkgs] Unpacking cpanel-sitejet-plugin (1.5.2-1+2.1.cpanel) ...
[2024-10-21 12:32:10 +0200]      [/usr/local/cpanel/scripts/check_plugin_pkgs] Setting up cpanel-sitejet-plugin (1.5.2-1+2.1.cpanel) ...
[2024-10-21 12:32:10 +0200]      [/usr/local/cpanel/scripts/check_plugin_pkgs] info [install_plugin] Installing to jupiter
[2024-10-21 12:32:10 +0200]      [/usr/local/cpanel/scripts/check_plugin_pkgs] info [install_plugin] Installing sitejet in Feature Manager ...
[2024-10-21 12:32:10 +0200]      [/usr/local/cpanel/scripts/check_plugin_pkgs] info [install_plugin] Done
[2024-10-21 12:32:10 +0200]      [/usr/local/cpanel/scripts/check_plugin_pkgs] info [install_plugin] Scheduling task to update sprites
[2024-10-21 12:32:10 +0200]      [/usr/local/cpanel/scripts/check_plugin_pkgs] info [install_plugin] Scheduling task to update API spec files
[2024-10-21 12:32:10 +0200]      [/usr/local/cpanel/scripts/check_plugin_pkgs] Plugin installed ok
[2024-10-21 12:32:10 +0200]      [/usr/local/cpanel/scripts/check_plugin_pkgs] Applying marketing links state for Sitejet Builder
[2024-10-21 12:32:10 +0200]      [/usr/local/cpanel/scripts/check_plugin_pkgs]  - Sitejet Builder is enabled.
[2024-10-21 12:32:10 +0200]      [/usr/local/cpanel/scripts/check_plugin_pkgs] Applying marketing links state for Site Quality Monitoring
[2024-10-21 12:32:10 +0200]      [/usr/local/cpanel/scripts/check_plugin_pkgs]  - Site Quality Monitoring is enabled.
[2024-10-21 12:32:10 +0200]      [/usr/local/cpanel/scripts/check_plugin_pkgs] Rebuilding the extra marketing menus.
[2024-10-21 12:32:10 +0200]      [/usr/local/cpanel/scripts/check_plugin_pkgs] Nothing to do. Cannot find any user accounts on this server!
[2024-10-21 12:32:10 +0200]      [/usr/local/cpanel/scripts/check_plugin_pkgs] Id: TQ:TaskQueue:31
[2024-10-21 12:32:10 +0200]      [/usr/local/cpanel/scripts/check_plugin_pkgs] NEEDRESTART-VER: 3.5
[2024-10-21 12:32:10 +0200]      [/usr/local/cpanel/scripts/check_plugin_pkgs] NEEDRESTART-KCUR: 5.15.0-119-generic
[2024-10-21 12:32:10 +0200]      [/usr/local/cpanel/scripts/check_plugin_pkgs] NEEDRESTART-KEXP: 5.15.0-124-generic
[2024-10-21 12:32:10 +0200]      [/usr/local/cpanel/scripts/check_plugin_pkgs] NEEDRESTART-KSTA: 3
[2024-10-21 12:32:10 +0200]      [/usr/local/cpanel/scripts/check_plugin_pkgs] NEEDRESTART-SVC: dbus.service
[2024-10-21 12:32:10 +0200]      [/usr/local/cpanel/scripts/check_plugin_pkgs] NEEDRESTART-SVC: networkd-dispatcher.service
[2024-10-21 12:32:10 +0200]      [/usr/local/cpanel/scripts/check_plugin_pkgs] NEEDRESTART-SVC: packagekit.service
[2024-10-21 12:32:10 +0200]      [/usr/local/cpanel/scripts/check_plugin_pkgs] NEEDRESTART-SVC: polkit.service
[2024-10-21 12:32:10 +0200]      [/usr/local/cpanel/scripts/check_plugin_pkgs] NEEDRESTART-SVC: systemd-manager
[2024-10-21 12:32:10 +0200]      [/usr/local/cpanel/scripts/check_plugin_pkgs] NEEDRESTART-SVC: unattended-upgrades.service
[2024-10-21 12:32:10 +0200]      [/usr/local/cpanel/scripts/check_plugin_pkgs] NEEDRESTART-SVC: user@0.service
[2024-10-21 12:32:10 +0200]      [/usr/local/cpanel/scripts/check_plugin_pkgs] Package ‘cpanel-sitejet-plugin’ is OK.
[2024-10-21 12:32:10 +0200]      [/usr/local/cpanel/scripts/check_plugin_pkgs] 
[2024-10-21 12:32:10 +0200]      [/usr/local/cpanel/scripts/check_plugin_pkgs] * Checking package ‘cpanel-plugin-monitoring-campaigns’
[2024-10-21 12:32:11 +0200]      [/usr/local/cpanel/scripts/check_plugin_pkgs] Package 'cpanel-plugin-monitoring-campaigns' is not installed, attempting to install it …
[2024-10-21 12:32:11 +0200]      [/usr/local/cpanel/scripts/check_plugin_pkgs] 
[2024-10-21 12:32:21 +0200]      [/usr/local/cpanel/scripts/check_plugin_pkgs] Reading package lists...
[2024-10-21 12:32:21 +0200]      [/usr/local/cpanel/scripts/check_plugin_pkgs] 
[2024-10-21 12:32:21 +0200]      [/usr/local/cpanel/scripts/check_plugin_pkgs] Building dependency tree...
[2024-10-21 12:32:21 +0200]      [/usr/local/cpanel/scripts/check_plugin_pkgs] 
[2024-10-21 12:32:21 +0200]      [/usr/local/cpanel/scripts/check_plugin_pkgs] Reading state information...
[2024-10-21 12:32:21 +0200]      [/usr/local/cpanel/scripts/check_plugin_pkgs] 
[2024-10-21 12:32:21 +0200]      [/usr/local/cpanel/scripts/check_plugin_pkgs] The following NEW packages will be installed:
[2024-10-21 12:32:21 +0200]      [/usr/local/cpanel/scripts/check_plugin_pkgs]   cpanel-plugin-monitoring-campaigns
[2024-10-21 12:32:21 +0200]      [/usr/local/cpanel/scripts/check_plugin_pkgs] 0 upgraded, 1 newly installed, 0 to remove and 1 not upgraded.
[2024-10-21 12:32:21 +0200]      [/usr/local/cpanel/scripts/check_plugin_pkgs] Need to get 25.7 kB of archives.
[2024-10-21 12:32:21 +0200]      [/usr/local/cpanel/scripts/check_plugin_pkgs] After this operation, 195 kB of additional disk space will be used.
[2024-10-21 12:32:21 +0200]      [/usr/local/cpanel/scripts/check_plugin_pkgs] Get:1 http://httpupdate.cpanel.net/cpanel-plugins-u22-mirrorlist Mirrorlist
[2024-10-21 12:32:21 +0200]      [/usr/local/cpanel/scripts/check_plugin_pkgs] Get:2 http://184.94.196.94/cpanelsync/repos/Ubuntu/22/cpanel-plugins ./ cpanel-plugin-monitoring-campaigns 0.0.6-1+2.1.cpanel [25.7 kB]
[2024-10-21 12:32:21 +0200]      [/usr/local/cpanel/scripts/check_plugin_pkgs] Fetched 27.4 kB in 1s (34.3 kB/s)
[2024-10-21 12:32:21 +0200]      [/usr/local/cpanel/scripts/check_plugin_pkgs] Selecting previously unselected package cpanel-plugin-monitoring-campaigns.
[2024-10-21 12:32:21 +0200]      [/usr/local/cpanel/scripts/check_plugin_pkgs] 
[2024-10-21 12:32:21 +0200]      [/usr/local/cpanel/scripts/check_plugin_pkgs] (Reading database ... 
[2024-10-21 12:32:21 +0200]      [/usr/local/cpanel/scripts/check_plugin_pkgs] (Reading database ... 5%
[2024-10-21 12:32:21 +0200]      [/usr/local/cpanel/scripts/check_plugin_pkgs] (Reading database ... 10%
[2024-10-21 12:32:21 +0200]      [/usr/local/cpanel/scripts/check_plugin_pkgs] (Reading database ... 15%
[2024-10-21 12:32:21 +0200]      [/usr/local/cpanel/scripts/check_plugin_pkgs] (Reading database ... 20%
[2024-10-21 12:32:21 +0200]      [/usr/local/cpanel/scripts/check_plugin_pkgs] (Reading database ... 25%
[2024-10-21 12:32:21 +0200]      [/usr/local/cpanel/scripts/check_plugin_pkgs] (Reading database ... 30%
[2024-10-21 12:32:21 +0200]      [/usr/local/cpanel/scripts/check_plugin_pkgs] (Reading database ... 35%
[2024-10-21 12:32:21 +0200]      [/usr/local/cpanel/scripts/check_plugin_pkgs] (Reading database ... 40%
[2024-10-21 12:32:21 +0200]      [/usr/local/cpanel/scripts/check_plugin_pkgs] (Reading database ... 45%
[2024-10-21 12:32:21 +0200]      [/usr/local/cpanel/scripts/check_plugin_pkgs] (Reading database ... 50%
[2024-10-21 12:32:21 +0200]      [/usr/local/cpanel/scripts/check_plugin_pkgs] (Reading database ... 55%
[2024-10-21 12:32:21 +0200]      [/usr/local/cpanel/scripts/check_plugin_pkgs] (Reading database ... 60%
[2024-10-21 12:32:21 +0200]      [/usr/local/cpanel/scripts/check_plugin_pkgs] (Reading database ... 65%
[2024-10-21 12:32:21 +0200]      [/usr/local/cpanel/scripts/check_plugin_pkgs] (Reading database ... 70%
[2024-10-21 12:32:21 +0200]      [/usr/local/cpanel/scripts/check_plugin_pkgs] (Reading database ... 75%
[2024-10-21 12:32:21 +0200]      [/usr/local/cpanel/scripts/check_plugin_pkgs] (Reading database ... 80%
[2024-10-21 12:32:21 +0200]      [/usr/local/cpanel/scripts/check_plugin_pkgs] (Reading database ... 85%
[2024-10-21 12:32:21 +0200]      [/usr/local/cpanel/scripts/check_plugin_pkgs] (Reading database ... 90%
[2024-10-21 12:32:21 +0200]      [/usr/local/cpanel/scripts/check_plugin_pkgs] (Reading database ... 95%
[2024-10-21 12:32:21 +0200]      [/usr/local/cpanel/scripts/check_plugin_pkgs] (Reading database ... 100%
[2024-10-21 12:32:21 +0200] (Reading database ... 169272 files and directories currently installed.)
[2024-10-21 12:32:21 +0200]      [/usr/local/cpanel/scripts/check_plugin_pkgs] Preparing to unpack .../cpanel-plugin-monitoring-campaigns_0.0.6-1+2.1.cpanel_amd64.deb ...
[2024-10-21 12:32:21 +0200]      [/usr/local/cpanel/scripts/check_plugin_pkgs] Unpacking cpanel-plugin-monitoring-campaigns (0.0.6-1+2.1.cpanel) ...
[2024-10-21 12:32:21 +0200]      [/usr/local/cpanel/scripts/check_plugin_pkgs] Setting up cpanel-plugin-monitoring-campaigns (0.0.6-1+2.1.cpanel) ...
[2024-10-21 12:32:21 +0200]      [/usr/local/cpanel/scripts/check_plugin_pkgs] NEEDRESTART-VER: 3.5
[2024-10-21 12:32:21 +0200]      [/usr/local/cpanel/scripts/check_plugin_pkgs] NEEDRESTART-KCUR: 5.15.0-119-generic
[2024-10-21 12:32:21 +0200]      [/usr/local/cpanel/scripts/check_plugin_pkgs] NEEDRESTART-KEXP: 5.15.0-124-generic
[2024-10-21 12:32:21 +0200]      [/usr/local/cpanel/scripts/check_plugin_pkgs] NEEDRESTART-KSTA: 3
[2024-10-21 12:32:21 +0200]      [/usr/local/cpanel/scripts/check_plugin_pkgs] NEEDRESTART-SVC: dbus.service
[2024-10-21 12:32:21 +0200]      [/usr/local/cpanel/scripts/check_plugin_pkgs] NEEDRESTART-SVC: networkd-dispatcher.service
[2024-10-21 12:32:21 +0200]      [/usr/local/cpanel/scripts/check_plugin_pkgs] NEEDRESTART-SVC: packagekit.service
[2024-10-21 12:32:21 +0200]      [/usr/local/cpanel/scripts/check_plugin_pkgs] NEEDRESTART-SVC: polkit.service
[2024-10-21 12:32:21 +0200]      [/usr/local/cpanel/scripts/check_plugin_pkgs] NEEDRESTART-SVC: systemd-manager
[2024-10-21 12:32:21 +0200]      [/usr/local/cpanel/scripts/check_plugin_pkgs] NEEDRESTART-SVC: unattended-upgrades.service
[2024-10-21 12:32:21 +0200]      [/usr/local/cpanel/scripts/check_plugin_pkgs] NEEDRESTART-SVC: user@0.service
[2024-10-21 12:32:21 +0200]      [/usr/local/cpanel/scripts/check_plugin_pkgs] Package ‘cpanel-plugin-monitoring-campaigns’ is OK.
[2024-10-21 12:32:21 +0200]      [/usr/local/cpanel/scripts/check_plugin_pkgs] 
[2024-10-21 12:32:21 +0200]    - Finished command `/usr/local/cpanel/scripts/check_plugin_pkgs --pkg cpanel-analytics --pkg cpanel-banners-plugin --pkg cpanel-koality-plugin --pkg cpanel-sitejet-plugin --pkg cpanel-plugin-monitoring-campaigns` in 61.774 seconds
[2024-10-21 12:32:21 +0200]    - Finished in 61.778 seconds
[2024-10-21 12:32:21 +0200]   Processing: Running env auto repair
[2024-10-21 12:32:21 +0200]   68% complete
[2024-10-21 12:32:21 +0200]    - Processing command `/usr/local/cpanel/scripts/vzzo-fixer`
[2024-10-21 12:32:21 +0200]    - Finished command `/usr/local/cpanel/scripts/vzzo-fixer` in 0.007 seconds
[2024-10-21 12:32:21 +0200]    - Processing command `/usr/local/cpanel/scripts/quota_auto_fix`
[2024-10-21 12:32:21 +0200]      [/usr/local/cpanel/scripts/quota_auto_fix] quota test: check passed
[2024-10-21 12:32:21 +0200]    - Finished command `/usr/local/cpanel/scripts/quota_auto_fix` in 0.032 seconds
[2024-10-21 12:32:21 +0200]   69% complete
[2024-10-21 12:32:21 +0200]    - Processing command `/usr/local/cpanel/scripts/clear_orphaned_virtfs_mounts --inactiveonly`
[2024-10-21 12:32:21 +0200]    - Finished command `/usr/local/cpanel/scripts/clear_orphaned_virtfs_mounts --inactiveonly` in 0.112 seconds
[2024-10-21 12:32:21 +0200]    - Processing command `/usr/local/cpanel/scripts/disable_prelink`
[2024-10-21 12:32:21 +0200]    - Finished command `/usr/local/cpanel/scripts/disable_prelink` in 0.108 seconds
[2024-10-21 12:32:21 +0200]   70% complete
[2024-10-21 12:32:21 +0200]   Processing: Cleaning up orphaned filesystem quotas
[2024-10-21 12:32:21 +0200]    - Processing command `/usr/local/cpanel/scripts/cleanquotas`
[2024-10-21 12:32:21 +0200]    - Finished command `/usr/local/cpanel/scripts/cleanquotas` in 0.058 seconds
[2024-10-21 12:32:21 +0200]   71% complete
[2024-10-21 12:32:21 +0200]    - Processing command `/usr/local/cpanel/scripts/purge_old_config_caches`
[2024-10-21 12:32:21 +0200]    - Finished command `/usr/local/cpanel/scripts/purge_old_config_caches` in 0.019 seconds
[2024-10-21 12:32:21 +0200]    - Processing command `/usr/local/cpanel/scripts/cleansessions`
[2024-10-21 12:32:21 +0200]    - Finished command `/usr/local/cpanel/scripts/cleansessions` in 0.038 seconds
[2024-10-21 12:32:21 +0200]   72% complete
[2024-10-21 12:32:21 +0200]    - Processing command `/usr/local/cpanel/scripts/checkbashshell`
[2024-10-21 12:32:21 +0200]    - Finished command `/usr/local/cpanel/scripts/checkbashshell` in 0.003 seconds
[2024-10-21 12:32:21 +0200]   73% complete
[2024-10-21 12:32:21 +0200]    - Finished in 0.000 seconds
[2024-10-21 12:32:21 +0200]   Setting up cronjobs
[2024-10-21 12:32:21 +0200]   Setting Up update_db_cache Crontab
[2024-10-21 12:32:21 +0200]   Setting Up update_maiman_cache Crontab
[2024-10-21 12:32:21 +0200]   Setting Up dcpumon Crontab
[2024-10-21 12:32:21 +0200]    - Finished in 0.011 seconds
[2024-10-21 12:32:21 +0200]    - Processing command `/usr/local/cpanel/scripts/dnsqueuecron`
[2024-10-21 12:32:21 +0200]    - Finished command `/usr/local/cpanel/scripts/dnsqueuecron` in 0.006 seconds
[2024-10-21 12:32:21 +0200]   74% complete
[2024-10-21 12:32:21 +0200]   Processing: Rebuild WHM chrome cache
[2024-10-21 12:32:21 +0200]    - Processing command `/usr/local/cpanel/scripts/rebuild_whm_chrome`
[2024-10-21 12:32:23 +0200]    - Finished command `/usr/local/cpanel/scripts/rebuild_whm_chrome` in 1.282 seconds
[2024-10-21 12:32:23 +0200]   Processing: Purging invalid or soon-to-expire Domain TLS entries for service domains
[2024-10-21 12:32:23 +0200]   75% complete
[2024-10-21 12:32:23 +0200]    - Processing command `/usr/local/cpanel/scripts/check_domain_tls_service_domains.pl --prune`
[2024-10-21 12:32:23 +0200]    - Finished command `/usr/local/cpanel/scripts/check_domain_tls_service_domains.pl --prune` in 0.161 seconds
[2024-10-21 12:32:23 +0200]   Processing: Cleaning up temporary wheel/sudo users
[2024-10-21 12:32:23 +0200]   76% complete
[2024-10-21 12:32:23 +0200]    - Processing command `/usr/local/cpanel/scripts/clean_up_temp_wheel_users`
[2024-10-21 12:32:23 +0200]    - Finished command `/usr/local/cpanel/scripts/clean_up_temp_wheel_users` in 0.090 seconds
[2024-10-21 12:32:23 +0200]   Processing: Rebuilding sprites
[2024-10-21 12:32:23 +0200]    - Finished in 0.029 seconds
[2024-10-21 12:32:23 +0200]   77% complete
[2024-10-21 12:32:23 +0200]    - Finished in 0.029 seconds
[2024-10-21 12:32:23 +0200]   Processing: Updating Reverse DNS Cache
[2024-10-21 12:32:23 +0200]    - Finished in 0.013 seconds
[2024-10-21 12:32:23 +0200]    - Finished in 0.013 seconds
[2024-10-21 12:32:23 +0200]   Processing: Updating services and databases
[2024-10-21 12:32:23 +0200]   78% complete
[2024-10-21 12:32:23 +0200]    - Processing command `/usr/local/cpanel/scripts/listcheck`
[2024-10-21 12:32:23 +0200]    - Finished command `/usr/local/cpanel/scripts/listcheck` in 0.054 seconds
[2024-10-21 12:32:23 +0200]    - Processing command `/usr/local/cpanel/scripts/updateuserdomains`
[2024-10-21 12:32:23 +0200]    - Finished command `/usr/local/cpanel/scripts/updateuserdomains` in 0.085 seconds
[2024-10-21 12:32:23 +0200]   79% complete
[2024-10-21 12:32:23 +0200]    - Processing command `/usr/local/cpanel/bin/empty_user_trash --quiet --all`
[2024-10-21 12:32:23 +0200]    - Finished command `/usr/local/cpanel/bin/empty_user_trash --quiet --all` in 0.100 seconds
[2024-10-21 12:32:23 +0200]    - Processing command `/usr/local/cpanel/scripts/build_maxemails_config`
[2024-10-21 12:32:23 +0200]    - Finished command `/usr/local/cpanel/scripts/build_maxemails_config` in 0.053 seconds
[2024-10-21 12:32:23 +0200]   80% complete
[2024-10-21 12:32:23 +0200]    - Processing command `/usr/local/cpanel/scripts/updateuserdatacache --force`
[2024-10-21 12:32:23 +0200]    - Finished command `/usr/local/cpanel/scripts/updateuserdatacache --force` in 0.074 seconds
[2024-10-21 12:32:23 +0200]   Processing: Checking system maxmem setting
[2024-10-21 12:32:23 +0200]   81% complete
[2024-10-21 12:32:23 +0200]    - Processing command `/usr/local/cpanel/scripts/check_maxmem_against_domains_count --always-fix`
[2024-10-21 12:32:23 +0200]      [/usr/local/cpanel/scripts/check_maxmem_against_domains_count] Minimum “maxmem” value: 4096
[2024-10-21 12:32:23 +0200]      [/usr/local/cpanel/scripts/check_maxmem_against_domains_count] Current “maxmem” value: 4096
[2024-10-21 12:32:23 +0200]      [/usr/local/cpanel/scripts/check_maxmem_against_domains_count] 
[2024-10-21 12:32:23 +0200]      [/usr/local/cpanel/scripts/check_maxmem_against_domains_count] Your system’s “maxmem” setting meets the minimum requirements for the number of cPanel accounts on the system.
[2024-10-21 12:32:23 +0200]    - Finished command `/usr/local/cpanel/scripts/check_maxmem_against_domains_count --always-fix` in 0.080 seconds
[2024-10-21 12:32:23 +0200]   Processing: Running various cleanup scripts
[2024-10-21 12:32:23 +0200]   82% complete
[2024-10-21 12:32:23 +0200]    - Processing command `/usr/local/cpanel/scripts/resetmailmanurls`
[2024-10-21 12:32:23 +0200]    - Finished command `/usr/local/cpanel/scripts/resetmailmanurls` in 0.051 seconds
[2024-10-21 12:32:23 +0200]   Processing: Checking MySQL to ensure we can connect
[2024-10-21 12:32:23 +0200]   83% complete
[2024-10-21 12:32:23 +0200]   Processing: Checking PostgreSQL to ensure we can connect
[2024-10-21 12:32:23 +0200]    - Processing command `/usr/local/cpanel/bin/postgrescheck --check-auth --reset-pass-on-fail`
[2024-10-21 12:32:23 +0200]    - Finished command `/usr/local/cpanel/bin/postgrescheck --check-auth --reset-pass-on-fail` in 0.090 seconds
[2024-10-21 12:32:23 +0200]   84% complete
[2024-10-21 12:32:24 +0200]   Processing: Repairing Mailman Permissions
[2024-10-21 12:32:24 +0200]    - Processing command `./check_perms -f --noarchives`
[2024-10-21 12:32:24 +0200]      [./check_perms] No problems found
[2024-10-21 12:32:24 +0200]    - Finished command `./check_perms -f --noarchives` in 0.133 seconds
[2024-10-21 12:32:24 +0200]    - Finished in 0.135 seconds
[2024-10-21 12:32:24 +0200]   Processing: Running sanity checks and notifications
[2024-10-21 12:32:24 +0200]   85% complete
[2024-10-21 12:32:24 +0200]    - Processing command `/usr/local/cpanel/scripts/chkpaths`
[2024-10-21 12:32:24 +0200]    - Finished command `/usr/local/cpanel/scripts/chkpaths` in 0.003 seconds
[2024-10-21 12:32:24 +0200]    - Processing command `/usr/local/cpanel/scripts/hackcheck`
[2024-10-21 12:32:24 +0200]    - Finished command `/usr/local/cpanel/scripts/hackcheck` in 0.017 seconds
[2024-10-21 12:32:24 +0200]   86% complete
[2024-10-21 12:32:24 +0200]    - Processing command `/usr/local/cpanel/scripts/oopscheck`
[2024-10-21 12:32:24 +0200]    - Finished command `/usr/local/cpanel/scripts/oopscheck` in 0.011 seconds
[2024-10-21 12:32:24 +0200]    - Processing command `/usr/local/cpanel/scripts/fixetchosts`
[2024-10-21 12:32:24 +0200] E    [/usr/local/cpanel/scripts/fixetchosts] The hostname vmi2142662 is not valid.
[2024-10-21 12:32:24 +0200] E    [/usr/local/cpanel/scripts/fixetchosts] The “/usr/local/cpanel/scripts/fixetchosts” command (process 79013) reported error number 255 when it ended.
[2024-10-21 12:32:24 +0200]   The Administrator will be notified to review this output when this script completes
[2024-10-21 12:32:24 +0200]    - Finished command `/usr/local/cpanel/scripts/fixetchosts` in 0.054 seconds
[2024-10-21 12:32:24 +0200]   87% complete
[2024-10-21 12:32:24 +0200]    - Processing command `/usr/local/cpanel/scripts/check_unreliable_resolvers --notify`
[2024-10-21 12:32:24 +0200]      [/usr/local/cpanel/scripts/check_unreliable_resolvers] OK
[2024-10-21 12:32:24 +0200]    - Finished command `/usr/local/cpanel/scripts/check_unreliable_resolvers --notify` in 0.279 seconds
[2024-10-21 12:32:24 +0200]    - Processing command `/usr/local/cpanel/bin/is_script_stuck --script=autossl_check --time=3h --kill --notify=root`
[2024-10-21 12:32:24 +0200]      [/usr/local/cpanel/bin/is_script_stuck] The script “autossl_check” is not stuck
[2024-10-21 12:32:24 +0200]    - Finished command `/usr/local/cpanel/bin/is_script_stuck --script=autossl_check --time=3h --kill --notify=root` in 0.040 seconds
[2024-10-21 12:32:24 +0200]   88% complete
[2024-10-21 12:32:24 +0200]    - Processing command `/usr/local/cpanel/scripts/email_archive_maintenance`
[2024-10-21 12:32:24 +0200]    - Finished command `/usr/local/cpanel/scripts/email_archive_maintenance` in 0.033 seconds
[2024-10-21 12:32:24 +0200]    - Processing command `/usr/local/cpanel/scripts/email_hold_maintenance`
[2024-10-21 12:32:24 +0200]    - Finished command `/usr/local/cpanel/scripts/email_hold_maintenance` in 0.037 seconds
[2024-10-21 12:32:24 +0200]   89% complete
[2024-10-21 12:32:24 +0200]    - Processing command `/usr/local/cpanel/scripts/expunge_expired_certificates_from_sslstorage`
[2024-10-21 12:32:24 +0200]      [/usr/local/cpanel/scripts/expunge_expired_certificates_from_sslstorage] Checking for expired certificates for all users.
[2024-10-21 12:32:24 +0200]      [/usr/local/cpanel/scripts/expunge_expired_certificates_from_sslstorage] Found and expunged 0 expired certificates for 'root'.
[2024-10-21 12:32:24 +0200]    - Finished command `/usr/local/cpanel/scripts/expunge_expired_certificates_from_sslstorage` in 0.135 seconds
[2024-10-21 12:32:24 +0200]    - Processing command `/usr/local/cpanel/scripts/notify_expiring_certificates`
[2024-10-21 12:32:24 +0200]    - Finished command `/usr/local/cpanel/scripts/notify_expiring_certificates` in 0.128 seconds
[2024-10-21 12:32:24 +0200]   90% complete
[2024-10-21 12:32:24 +0200]    - Processing command `/usr/local/cpanel/scripts/notify_expiring_certificates_on_linked_nodes`
[2024-10-21 12:32:25 +0200]    - Finished command `/usr/local/cpanel/scripts/notify_expiring_certificates_on_linked_nodes` in 0.163 seconds
[2024-10-21 12:32:25 +0200]    - Processing command `/usr/local/cpanel/scripts/expunge_expired_transfer_sessions`
[2024-10-21 12:32:25 +0200]    - Finished command `/usr/local/cpanel/scripts/expunge_expired_transfer_sessions` in 0.072 seconds
[2024-10-21 12:32:25 +0200]   91% complete
[2024-10-21 12:32:25 +0200]    - Processing command `/usr/local/cpanel/scripts/expunge_expired_pkgacct_sessions`
[2024-10-21 12:32:25 +0200]    - Finished command `/usr/local/cpanel/scripts/expunge_expired_pkgacct_sessions` in 0.034 seconds
[2024-10-21 12:32:25 +0200]    - Processing command `/usr/local/cpanel/scripts/smartcheck`
[2024-10-21 12:32:25 +0200]      [/usr/local/cpanel/scripts/smartcheck] Using smartcheck version profile "default" for smartctl (unknown)
[2024-10-21 12:32:25 +0200]      [/usr/local/cpanel/scripts/smartcheck] Checking /dev/sda....S.M.A.R.T does not appear to be enabled for this device.
[2024-10-21 12:32:25 +0200]    - Finished command `/usr/local/cpanel/scripts/smartcheck` in 0.074 seconds
[2024-10-21 12:32:25 +0200]   92% complete
[2024-10-21 12:32:25 +0200]    - Processing command `/usr/local/cpanel/scripts/compilerscheck`
[2024-10-21 12:32:25 +0200]      [/usr/local/cpanel/scripts/compilerscheck] [compilerscheck] compiler group missing
[2024-10-21 12:32:25 +0200]    - Finished command `/usr/local/cpanel/scripts/compilerscheck` in 0.008 seconds
[2024-10-21 12:32:25 +0200]    - Processing command `/usr/local/cpanel/scripts/check_mount_procfs`
[2024-10-21 12:32:25 +0200]    - Finished command `/usr/local/cpanel/scripts/check_mount_procfs` in 0.068 seconds
[2024-10-21 12:32:25 +0200]   93% complete
[2024-10-21 12:32:25 +0200]    - Processing command `/usr/local/cpanel/scripts/setup_modsec_db`
[2024-10-21 12:32:25 +0200]    - Finished command `/usr/local/cpanel/scripts/setup_modsec_db` in 0.068 seconds
[2024-10-21 12:32:25 +0200]    - Processing command `/usr/local/cpanel/scripts/modsec_vendor update --auto`
[2024-10-21 12:32:25 +0200]    - Finished command `/usr/local/cpanel/scripts/modsec_vendor update --auto` in 0.169 seconds
[2024-10-21 12:32:25 +0200]    - Processing command `/usr/local/cpanel/bin/check_cpstore_in_sync_with_local_storage`
[2024-10-21 12:32:25 +0200]    - Finished command `/usr/local/cpanel/bin/check_cpstore_in_sync_with_local_storage` in 0.030 seconds
[2024-10-21 12:32:25 +0200]   94% complete
[2024-10-21 12:32:25 +0200]   Processing: Purging old comet files
[2024-10-21 12:32:25 +0200]    - Processing command `/usr/local/cpanel/bin/purge_dead_comet_files --quiet`
[2024-10-21 12:32:25 +0200]    - Finished command `/usr/local/cpanel/bin/purge_dead_comet_files --quiet` in 0.023 seconds
[2024-10-21 12:32:25 +0200]   95% complete
[2024-10-21 12:32:25 +0200]    - Finished in 0.000 seconds
[2024-10-21 12:32:25 +0200]   Processing: Restoring compiler permissions
[2024-10-21 12:32:25 +0200]    - Processing command `/usr/local/cpanel/scripts/compilers restore`
[2024-10-21 12:32:25 +0200]      [/usr/local/cpanel/scripts/compilers] Compilers are enabled for unprivileged users.
[2024-10-21 12:32:25 +0200]    - Finished command `/usr/local/cpanel/scripts/compilers restore` in 0.059 seconds
[2024-10-21 12:32:25 +0200]   Processing: Cleaning up mailbox trash
[2024-10-21 12:32:25 +0200]    - Processing command `/usr/local/cpanel/scripts/dovecot_maintenance --background`
[2024-10-21 12:32:25 +0200]    - Finished command `/usr/local/cpanel/scripts/dovecot_maintenance --background` in 0.171 seconds
[2024-10-21 12:32:25 +0200]   Processing: Checking MySQL Version
[2024-10-21 12:32:25 +0200]    - Finished in 0.000 seconds
[2024-10-21 12:32:25 +0200]   Processing: Cleaning up root datastores and caches
[2024-10-21 12:32:25 +0200]    - Processing command `/usr/local/cpanel/bin/clean-datastores --background root`
[2024-10-21 12:32:25 +0200]    - Finished command `/usr/local/cpanel/bin/clean-datastores --background root` in 0.061 seconds
[2024-10-21 12:32:25 +0200]    - Finished in 0.000 seconds
[2024-10-21 12:32:25 +0200]    - Finished in 0.000 seconds
[2024-10-21 12:32:25 +0200]    - Finished in 0.000 seconds
[2024-10-21 12:32:26 +0200]    - Finished in 0.696 seconds
[2024-10-21 12:32:26 +0200]   Processing: Cleaning Signature Timestamp Cache
[2024-10-21 12:32:26 +0200]    - Finished in 0.001 seconds
[2024-10-21 12:32:26 +0200]   Processing: Cleaning Roundcube attachment directory
=> Log closed Mon Oct 21 12:32:26 2024
[2024-10-21 12:32:26 +0200]    - Finished in 0.024 seconds
[2024-10-21 12:32:26 +0200]   Processing: Running former postinstall scripts
[2024-10-21 12:32:26 +0200]    - Processing command `/usr/local/cpanel/bin/dcpumon --killproc`
[2024-10-21 12:32:26 +0200]    - Finished command `/usr/local/cpanel/bin/dcpumon --killproc` in 0.052 seconds
[2024-10-21 12:32:26 +0200]    - Processing command `/usr/local/cpanel/bin/setupdbmap`
[2024-10-21 12:32:26 +0200]    - Finished command `/usr/local/cpanel/bin/setupdbmap` in 0.010 seconds
[2024-10-21 12:32:26 +0200]    - Processing command `/usr/local/cpanel/bin/fix_userdata_perms`
[2024-10-21 12:32:26 +0200]    - Finished command `/usr/local/cpanel/bin/fix_userdata_perms` in 0.029 seconds
[2024-10-21 12:32:26 +0200]    - Processing command `/usr/local/cpanel/scripts/detect_env_capabilities`
[2024-10-21 12:32:26 +0200]    - Finished command `/usr/local/cpanel/scripts/detect_env_capabilities` in 0.029 seconds
[2024-10-21 12:32:26 +0200]   Processing: Checking for deprecated PHP local.ini
[2024-10-21 12:32:26 +0200]    - Processing command `/usr/local/cpanel/scripts/migrate_local_ini_to_php_ini --run --verbose`
[2024-10-21 12:32:26 +0200]      [/usr/local/cpanel/scripts/migrate_local_ini_to_php_ini] Processing ea-php81 …
[2024-10-21 12:32:26 +0200]      [/usr/local/cpanel/scripts/migrate_local_ini_to_php_ini] 	No local.ini.
[2024-10-21 12:32:26 +0200]      [/usr/local/cpanel/scripts/migrate_local_ini_to_php_ini]  … done!
[2024-10-21 12:32:26 +0200]      [/usr/local/cpanel/scripts/migrate_local_ini_to_php_ini] Processing ea-php82 …
[2024-10-21 12:32:26 +0200]      [/usr/local/cpanel/scripts/migrate_local_ini_to_php_ini] 	No local.ini.
[2024-10-21 12:32:26 +0200]      [/usr/local/cpanel/scripts/migrate_local_ini_to_php_ini]  … done!
[2024-10-21 12:32:26 +0200]    - Finished command `/usr/local/cpanel/scripts/migrate_local_ini_to_php_ini --run --verbose` in 0.083 seconds
[2024-10-21 12:32:26 +0200]   Processing: Ensuring an "Active" MySQL profile is set
[2024-10-21 12:32:26 +0200]    - Finished in 0.002 seconds
[2024-10-21 12:32:26 +0200]    - Processing command `/usr/local/cpanel/scripts/check_mysql`
[2024-10-21 12:32:26 +0200]      [/usr/local/cpanel/scripts/check_mysql] “check_mysql” will complete in the background (process ID 79076).
[2024-10-21 12:32:26 +0200]    - Finished command `/usr/local/cpanel/scripts/check_mysql` in 0.137 seconds
[2024-10-21 12:32:26 +0200]   Processing: Updating plugins data cache
[2024-10-21 12:32:26 +0200]    - Processing command `/usr/local/cpanel/bin/refresh_plugin_cache`
[2024-10-21 12:32:26 +0200]    - Finished command `/usr/local/cpanel/bin/refresh_plugin_cache` in 0.041 seconds
[2024-10-21 12:32:26 +0200]   Processing: Ensuring SSL certificate information for CCS is up to date.
[2024-10-21 12:32:26 +0200]    - Processing command `/usr/local/cpanel/scripts/ccs-check --run --ssl`
[2024-10-21 12:32:26 +0200]    - Finished command `/usr/local/cpanel/scripts/ccs-check --run --ssl` in 0.008 seconds
[2024-10-21 12:32:26 +0200]   Processing: Ensure cpanel-plugins yum repo exists
[2024-10-21 12:32:27 +0200]    - Finished in 0.594 seconds
[2024-10-21 12:32:27 +0200]   Processing: Checking Addon Licenses
[2024-10-21 12:32:27 +0200]    - Finished in 0.000 seconds
[2024-10-21 12:32:27 +0200]   Processing: Updating Public Suffix List
[2024-10-21 12:32:27 +0200]   Processing: Checking End Of Life for current version.
[2024-10-21 12:32:28 +0200]    - Finished in 0.479 seconds
[2024-10-21 12:32:28 +0200]   Processing: 
[2024-10-21 12:32:28 +0200] Maintenance complete. [state=post]
=> Log closed Mon Oct 21 12:32:28 2024
----------------------------------------------------------------------------------------------------
=> Log opened from cPanel Update (upcp) - Slave (73037) at Mon Oct 21 12:32:28 2024
[2024-10-21 12:32:28 +0200] E Post Maintenance ended, however it did not exit cleanly (256). The following events were logged: "scripts/fixetchosts". Please check the logs for an indication of what happened
[2024-10-21 12:32:28 +0200]   Polling updatenow to see if a newer version is available for upgrade
=> Log closed Mon Oct 21 12:32:28 2024
----------------------------------------------------------------------------------------------------
=> Log opened from /usr/local/cpanel/scripts/updatenow (79081) at Mon Oct 21 12:32:28 2024
[2024-10-21 12:32:28 +0200]   Running version '11.122.0.21' of updatenow.
[2024-10-21 12:32:28 +0200]   Detected version '11.122.0.21' from version file.
[2024-10-21 12:32:28 +0200]   Target version set to '11.122.0.21'
[2024-10-21 12:32:28 +0200]   Up to date (11.122.0.21)
=> Log closed Mon Oct 21 12:32:28 2024
----------------------------------------------------------------------------------------------------
=> Log opened from cPanel Update (upcp) - Slave (73037) at Mon Oct 21 12:32:28 2024
[2024-10-21 12:32:28 +0200]   95% complete
[2024-10-21 12:32:28 +0200]   Running Standardized hooks
[2024-10-21 12:32:28 +0200]   100% complete
[2024-10-21 12:32:28 +0200]   
[2024-10-21 12:32:28 +0200] 	cPanel update completed
[2024-10-21 12:32:28 +0200]   A log of this update is available at /var/cpanel/updatelogs/update.73037.99554.1729505670.log
[2024-10-21 12:32:28 +0200]   Removing upcp pidfile
[2024-10-21 12:32:28 +0200]   
[2024-10-21 12:32:28 +0200] Completed all updates
=> Log closed Mon Oct 21 12:32:28 2024
